[16:52:52] [main/INFO] ========================================
[16:52:52] [main/INFO] Minecraft: 1.21.1
[16:52:52] [main/INFO] Side: server
[16:52:52] [main/INFO] Development: false
[16:52:52] [main/INFO] Version: 16.0.783
[16:52:52] [main/INFO] Loader:
[16:52:52] [main/INFO] - Fabric: 0.16.9
[16:52:52] [main/INFO] - Fabric API: 0.105.0+1.21.1
[16:52:52] [main/INFO] Dependencies:
[16:52:52] [main/INFO] - Cloth Config: 15.0.140
[16:52:52] [main/INFO] - Architectury: 13.0.6
[16:52:52] [main/INFO] Mixin: 0.8.7
[16:52:52] [main/INFO] OS: Linux 6.5.0-1025-azure (amd64)
[16:52:52] [main/INFO] Java: 21.0.4 (Microsoft)
[16:52:52] [main/INFO] ========================================
[16:52:52] [main/INFO] Mods:
[16:52:52] [main/INFO] - architectury: 13.0.6
[16:52:52] [main/INFO] - biomesoplenty: 21.1.0.6
[16:52:52] [main/INFO] - blue_endless_jankson: 1.2.3
[16:52:52] [main/INFO] - cardinal-components-base: 6.1.0
[16:52:52] [main/INFO] - cardinal-components-entity: 6.1.0
[16:52:52] [main/INFO] - carryon: 2.2.2
[16:52:52] [main/INFO] - chunky: 1.4.16
[16:52:52] [main/INFO] - cloth-basic-math: 0.6.1
[16:52:52] [main/INFO] - cloth-config: 15.0.140
[16:52:52] [main/INFO] - cloth-config: 15.0.140
[16:52:52] [main/INFO] - collective: 7.84
[16:52:52] [main/INFO] - com_electronwill_night-config_core: 3.8.0
[16:52:52] [main/INFO] - com_electronwill_night-config_toml: 3.8.0
[16:52:52] [main/INFO] - com_fasterxml_jackson_core_jackson-annotations: 2.17.0
[16:52:52] [main/INFO] - com_fasterxml_jackson_core_jackson-core: 2.17.0
[16:52:52] [main/INFO] - com_fasterxml_jackson_core_jackson-databind: 2.17.0
[16:52:52] [main/INFO] - comforts: 9.0.3+1.21.1
[16:52:52] [main/INFO] - connectedglass: 1.1.12
[16:52:52] [main/INFO] - cupboard: 1.21-2.7
[16:52:52] [main/INFO] - dynview: 1.21-4.0
[16:52:52] [main/INFO] - elytraslot: 9.0.1+1.21.1
[16:52:52] [main/INFO] - error_notifier: 1.0.11
[16:52:52] [main/INFO] - explorify: 1.6.2
[16:52:52] [main/INFO] - fabric-api: 0.105.0+1.21.1
[16:52:52] [main/INFO] - fabric-api: 0.105.0+1.21.1
[16:52:52] [main/INFO] - fabric-api-base: 0.4.42+6573ed8c19
[16:52:52] [main/INFO] - fabric-api-lookup-api-v1: 1.6.68+b559734419
[16:52:52] [main/INFO] - fabric-biome-api-v1: 13.0.29+5bd9f1bc19
[16:52:52] [main/INFO] - fabric-block-api-v1: 1.0.22+0af3f5a719
[16:52:52] [main/INFO] - fabric-block-view-api-v2: 1.0.10+6573ed8c19
[16:52:52] [main/INFO] - fabric-command-api-v1: 1.2.49+f71b366f19
[16:52:52] [main/INFO] - fabric-command-api-v2: 2.2.28+6ced4dd919
[16:52:52] [main/INFO] - fabric-commands-v0: 0.2.66+df3654b319
[16:52:52] [main/INFO] - fabric-content-registries-v0: 8.0.16+b559734419
[16:52:52] [main/INFO] - fabric-convention-tags-v1: 2.0.23+7f945d5b19
[16:52:52] [main/INFO] - fabric-convention-tags-v2: 2.8.0+9d22c5fd19
[16:52:52] [main/INFO] - fabric-crash-report-info-v1: 0.2.29+0af3f5a719
[16:52:52] [main/INFO] - fabric-data-attachment-api-v1: 1.1.28+1daea21519
[16:52:52] [main/INFO] - fabric-data-generation-api-v1: 20.2.20+16c4ae2519
[16:52:52] [main/INFO] - fabric-dimensions-v1: 4.0.0+6fc22b9919
[16:52:52] [main/INFO] - fabric-entity-events-v1: 1.7.0+2122d82819
[16:52:52] [main/INFO] - fabric-events-interaction-v0: 0.7.13+ba9dae0619
[16:52:52] [main/INFO] - fabric-game-rule-api-v1: 1.0.53+6ced4dd919
[16:52:52] [main/INFO] - fabric-item-api-v1: 11.1.0+d5debaed19
[16:52:52] [main/INFO] - fabric-item-group-api-v1: 4.1.5+3fc0e55219
[16:52:52] [main/INFO] - fabric-lifecycle-events-v1: 2.3.12+6c1df36019
[16:52:52] [main/INFO] - fabric-loot-api-v2: 3.0.14+3f89f5a519
[16:52:52] [main/INFO] - fabric-loot-api-v3: 1.0.2+3f89f5a519
[16:52:52] [main/INFO] - fabric-message-api-v1: 6.0.13+6573ed8c19
[16:52:52] [main/INFO] - fabric-networking-api-v1: 4.3.0+c7469b2119
[16:52:52] [main/INFO] - fabric-object-builder-api-v1: 15.2.0+40875a9319
[16:52:52] [main/INFO] - fabric-particles-v1: 4.0.2+6573ed8c19
[16:52:52] [main/INFO] - fabric-permissions-api-v0: 0.3.1
[16:52:52] [main/INFO] - fabric-recipe-api-v1: 5.0.13+6508971219
[16:52:52] [main/INFO] - fabric-registry-sync-v0: 5.1.3+60c3209b19
[16:52:52] [main/INFO] - fabric-rendering-data-attachment-v1: 0.3.48+73761d2e19
[16:52:52] [main/INFO] - fabric-rendering-fluids-v1: 3.1.6+1daea21519
[16:52:52] [main/INFO] - fabric-resource-conditions-api-v1: 4.3.0+8dc279b119
[16:52:52] [main/INFO] - fabric-resource-loader-v0: 1.3.0+5659912919
[16:52:52] [main/INFO] - fabric-screen-handler-api-v1: 1.3.87+b559734419
[16:52:52] [main/INFO] - fabric-transfer-api-v1: 5.3.0+d831205f19
[16:52:52] [main/INFO] - fabric-transitive-access-wideners-v1: 6.1.0+1daea21519
[16:52:52] [main/INFO] - fabricloader: 0.16.9
[16:52:52] [main/INFO] - fallingtree: 1.21.1.2
[16:52:52] [main/INFO] - fastasyncworldsave: 1.21-2.0
[16:52:52] [main/INFO] - ferritecore: 7.0.2-hotfix
[16:52:52] [main/INFO] - fusion: 1.1.1
[16:52:52] [main/INFO] - glitchcore: 2.1.0.0
[16:52:52] [main/INFO] - hopobettermineshaft: 1.2.7
[16:52:52] [main/INFO] - hopobetterruinedportal: 1.4.3
[16:52:52] [main/INFO] - inmis: 2.8.1-1.21.1
[16:52:52] [main/INFO] - io_wispforest_endec: 0.1.5
[16:52:52] [main/INFO] - io_wispforest_endec_gson: 0.1.3
[16:52:52] [main/INFO] - io_wispforest_endec_jankson: 0.1.3
[16:52:52] [main/INFO] - io_wispforest_endec_netty: 0.1.2
[16:52:52] [main/INFO] - jankson: 8.0.0+j1.2.3
[16:52:52] [main/INFO] - java: 21
[16:52:52] [main/INFO] - libgui: 11.0.0+1.21
[16:52:52] [main/INFO] - libninepatch: 1.2.0
[16:52:52] [main/INFO] - lithium: 0.14.0-snapshot+mc1.21.1-build.88
[16:52:52] [main/INFO] - minecraft: 1.21.1
[16:52:52] [main/INFO] - mixinextras: 0.4.1
[16:52:52] [main/INFO] - modernfix: 5.19.3+mc1.21.1
[16:52:52] [main/INFO] - mr_clifftree: 1.7
[16:52:52] [main/INFO] - mr_dungeons_andtaverns: 1-v4.4.4
[16:52:52] [main/INFO] - neruina: 2.1.2
[16:52:52] [main/INFO] - net_jodah_typetools: 0.6.3
[16:52:52] [main/INFO] - noisium: 2.3.0+mc1.21-1.21.1
[16:52:52] [main/INFO] - oreharvester: 1.4
[16:52:52] [main/INFO] - org_apache_maven_maven-artifact: 3.8.1
[16:52:52] [main/INFO] - org_kohsuke_github-api: 1.318
[16:52:52] [main/INFO] - org_yaml_snakeyaml: 2.2
[16:52:52] [main/INFO] - owo: 0.12.15+1.21
[16:52:52] [main/INFO] - placeholder-api: 2.4.1+1.21
[16:52:52] [main/INFO] - resource_backpacks: 0.7.6-BETA
[16:52:52] [main/INFO] - resourceconfigapi: 1.21-2.1.5
[16:52:52] [main/INFO] - resourcelibrary: 1.21.1-2.0.3
[16:52:52] [main/INFO] - roughlyenoughitems: 16.0.783
[16:52:52] [main/INFO] - servercore: 1.5.5+1.21.1
[16:52:52] [main/INFO] - shulkerboxtooltip: 5.1.1+1.21.1
[16:52:52] [main/INFO] - smoothchunk: 1.21-3.6
[16:52:52] [main/INFO] - space_arim_dazzleconf_dazzleconf-core: 1.3.0-M2
[16:52:52] [main/INFO] - space_arim_dazzleconf_dazzleconf-ext-snakeyaml: 1.3.0-M2
[16:52:52] [main/INFO] - spark: 1.10.109
[16:52:52] [main/INFO] - spectrelib: 0.17.2+1.21
[16:52:52] [main/INFO] - supermartijn642corelib: 1.1.17+c
[16:52:52] [main/INFO] - terrablender: 4.1.0.3
[16:52:52] [main/INFO] - travelersbackpack: 10.1.3
[16:52:52] [main/INFO] - trinkets: 3.10.0
[16:52:52] [main/INFO] - xaerominimap: 24.5.0
[16:52:52] [main/INFO] - xaeroworldmap: 1.39.0
[16:52:52] [main/INFO] - yigd: 2.4.11
[16:52:52] [main/INFO] ========================================
[16:52:52] [main/INFO] [REI] Registered plugin provider DefaultPlugin [roughlyenoughitems] for REIPlugin
[16:52:52] [main/INFO] [REI] Registered plugin provider DefaultRuntimePlugin [roughlyenoughitems] for REIPlugin
[16:52:52] [main/INFO] [REI] Registered plugin provider ReiCompat [travelersbackpack] for REIPlugin
[16:52:52] [main/INFO] [REI] Registered plugin provider DefaultPlugin [roughlyenoughitems] for REIServerPlugin
[16:52:52] [main/INFO] [REI] Registered plugin provider DefaultRuntimePlugin [roughlyenoughitems] for REIServerPlugin
[16:52:52] [main/INFO] [REI] Registered plugin provider ReiCompat [travelersbackpack] for REIServerPlugin
[16:52:52] [main/INFO] [REI] Registered plugin provider FabricFluidAPISupportPlugin for REIServerPlugin
[16:52:52] [main/INFO] [REI] Registered plugin provider FabricFluidAPISupportPlugin for REIPlugin
[16:53:02] [Worker-Main-1/DEBUG] [REI] Processed 0 tags in 25.02 μs for minecraft:worldgen/flat_level_generator_preset
[16:53:02] [Worker-Main-1/DEBUG] [REI] Processed 3 tags in 506.7 μs for minecraft:instrument
[16:53:02] [Worker-Main-1/DEBUG] [REI] Processed 0 tags in 8.215 μs for minecraft:banner_pattern
[16:53:02] [Worker-Main-1/DEBUG] [REI] Processed 0 tags in 25.38 μs for minecraft:enchantment
[16:53:02] [Worker-Main-1/DEBUG] [REI] Processed 0 tags in 135.1 μs for minecraft:worldgen/biome
[16:53:02] [Worker-Main-1/DEBUG] [REI] Processed 2 tags in 27.10 μs for minecraft:cat_variant
[16:53:02] [Worker-Main-1/DEBUG] [REI] Processed 7 tags in 35.75 μs for minecraft:fluid
[16:53:02] [Worker-Main-1/DEBUG] [REI] Processed 400 tags in 9.670 ms for minecraft:item
[16:53:02] [Worker-Main-1/DEBUG] [REI] Processed 332 tags in 2.030 ms for minecraft:block
[16:53:02] [Worker-Main-1/DEBUG] [REI] Processed 0 tags in 8.857 μs for minecraft:worldgen/world_preset
[16:53:02] [Worker-Main-1/DEBUG] [REI] Processed 5 tags in 51.69 μs for minecraft:game_event
[16:53:02] [Worker-Main-1/DEBUG] [REI] Processed 0 tags in 18.31 μs for minecraft:worldgen/structure
[16:53:02] [Worker-Main-1/DEBUG] [REI] Processed 39 tags in 100.4 μs for minecraft:entity_type
[16:53:02] [Worker-Main-1/DEBUG] [REI] Processed 0 tags in 14.58 μs for minecraft:damage_type
[16:53:02] [Worker-Main-1/DEBUG] [REI] Processed 0 tags in 5.650 μs for minecraft:dimension_type
[16:53:02] [Worker-Main-1/DEBUG] [REI] Processed 3 tags in 19.57 μs for minecraft:point_of_interest_type
[16:53:02] [Worker-Main-1/DEBUG] [REI] Processed 0 tags in 4.859 μs for minecraft:painting_variant
[16:53:04] [main/DEBUG] [REI] Starting Reload Plugins of stage null
java.lang.Throwable
	at knot//me.shedaniel.rei.impl.common.plugins.ReloadManagerImpl.reloadPlugins(ReloadManagerImpl.java:110)
	at knot//me.shedaniel.rei.RoughlyEnoughItemsCore.lambda$onInitialize$5(RoughlyEnoughItemsCore.java:163)
	at java.base/java.util.concurrent.CompletableFuture$UniRun.tryFire(CompletableFuture.java:787)
	at java.base/java.util.concurrent.CompletableFuture$Completion.run(CompletableFuture.java:482)
	at knot//net.minecraft.class_4014.method_18365(class_4014.java:69)
	at knot//net.minecraft.class_156.method_43498(class_156.java:1024)
	at knot//net.minecraft.class_156.method_43499(class_156.java:1012)
	at knot//net.minecraft.server.Main.main(Main.java:182)
	at net.fabricmc.loader.impl.game.minecraft.MinecraftGameProvider.launch(MinecraftGameProvider.java:480)
	at net.fabricmc.loader.impl.launch.knot.Knot.launch(Knot.java:74)
	at net.fabricmc.loader.impl.launch.knot.KnotServer.main(KnotServer.java:23)
	at net.fabricmc.loader.impl.launch.server.FabricServerLauncher.main(FabricServerLauncher.java:69)
	at net.fabricmc.installer.ServerLauncher.main(ServerLauncher.java:69)
[16:53:04] [main/DEBUG] [REI] ========================================
[16:53:04] [main/DEBUG] [REI] REIPlugin starting pre-reload for START.
[16:53:04] [main/DEBUG] [REI] Reloadables (7):
[16:53:04] [main/DEBUG] [REI]  - EntryTypeRegistryImpl
[16:53:04] [main/DEBUG] [REI]  - EntrySettingsAdapterRegistryImpl
[16:53:04] [main/DEBUG] [REI]  - RecipeManagerContextImpl
[16:53:04] [main/DEBUG] [REI]  - ItemComparatorRegistryImpl
[16:53:04] [main/DEBUG] [REI]  - FluidComparatorRegistryImpl
[16:53:04] [main/DEBUG] [REI]  - DisplaySerializerRegistryImpl
[16:53:04] [main/DEBUG] [REI]  - FluidSupportProviderImpl
[16:53:04] [main/DEBUG] [REI] Plugins (4):
[16:53:04] [main/DEBUG] [REI]  - (-100.00) DefaultPlugin of DefaultPlugin [roughlyenoughitems]
[16:53:04] [main/DEBUG] [REI]  - (0.00) FabricFluidAPISupportPlugin
[16:53:04] [main/DEBUG] [REI]  - (0.00) ReiCompat of ReiCompat [travelersbackpack]
[16:53:04] [main/DEBUG] [REI]  - (0.00) DefaultRuntimePlugin of DefaultRuntimePlugin [roughlyenoughitems]
[16:53:04] [main/DEBUG] [REI] ========================================
[16:53:04] [main/TRACE] [REI] [REIPlugin START] Reloading Section: "pre-register/"
[16:53:04] [main/TRACE] [REI] [REIPlugin START] Reloading Section: "pre-register/DefaultPlugin of DefaultPlugin [roughlyenoughitems]/"
[16:53:04] [main/TRACE] [REI] [REIPlugin START] Reloading Section: "pre-register/DefaultPlugin of DefaultPlugin [roughlyenoughitems]/" done in 978.3 μs
[16:53:04] [main/TRACE] [REI] [REIPlugin START] Reloading Section: "pre-register/FabricFluidAPISupportPlugin/"
[16:53:04] [main/TRACE] [REI] [REIPlugin START] Reloading Section: "pre-register/FabricFluidAPISupportPlugin/" done in 130.9 μs
[16:53:04] [main/TRACE] [REI] [REIPlugin START] Reloading Section: "pre-register/ReiCompat of ReiCompat [travelersbackpack]/"
[16:53:04] [main/TRACE] [REI] [REIPlugin START] Reloading Section: "pre-register/ReiCompat of ReiCompat [travelersbackpack]/" done in 136.9 μs
[16:53:04] [main/TRACE] [REI] [REIPlugin START] Reloading Section: "pre-register/DefaultRuntimePlugin of DefaultRuntimePlugin [roughlyenoughitems]/"
[16:53:04] [main/TRACE] [REI] [REIPlugin START] Reloading Section: "pre-register/DefaultRuntimePlugin of DefaultRuntimePlugin [roughlyenoughitems]/" done in 270.2 μs
[16:53:04] [main/TRACE] [REI] [REIPlugin START] Reloading Section: "pre-register/" done in 15.36 ms
[16:53:04] [main/TRACE] [REI] [REIPlugin START] Reloading Section: "pre-stage/"
[16:53:04] [main/TRACE] [REI] [REIPlugin START] Reloading Section: "pre-stage/EntryTypeRegistryImpl/"
[16:53:04] [main/TRACE] [REI] [REIPlugin START] Reloading Section: "pre-stage/EntryTypeRegistryImpl/" done in 284.0 μs
[16:53:04] [main/TRACE] [REI] [REIPlugin START] Reloading Section: "pre-stage/EntrySettingsAdapterRegistryImpl/"
[16:53:04] [main/TRACE] [REI] [REIPlugin START] Reloading Section: "pre-stage/EntrySettingsAdapterRegistryImpl/" done in 132.6 μs
[16:53:04] [main/TRACE] [REI] [REIPlugin START] Reloading Section: "pre-stage/RecipeManagerContextImpl/"
[16:53:04] [main/TRACE] [REI] [REIPlugin START] Reloading Section: "pre-stage/RecipeManagerContextImpl/" done in 1.249 ms
[16:53:04] [main/TRACE] [REI] [REIPlugin START] Reloading Section: "pre-stage/ItemComparatorRegistryImpl/"
[16:53:04] [main/TRACE] [REI] [REIPlugin START] Reloading Section: "pre-stage/ItemComparatorRegistryImpl/" done in 1.468 ms
[16:53:04] [main/TRACE] [REI] [REIPlugin START] Reloading Section: "pre-stage/FluidComparatorRegistryImpl/"
[16:53:04] [main/TRACE] [REI] [REIPlugin START] Reloading Section: "pre-stage/FluidComparatorRegistryImpl/" done in 149.8 μs
[16:53:04] [main/TRACE] [REI] [REIPlugin START] Reloading Section: "pre-stage/DisplaySerializerRegistryImpl/"
[16:53:04] [main/TRACE] [REI] [REIPlugin START] Reloading Section: "pre-stage/DisplaySerializerRegistryImpl/" done in 144.1 μs
[16:53:04] [main/TRACE] [REI] [REIPlugin START] Reloading Section: "pre-stage/FluidSupportProviderImpl/"
[16:53:04] [main/TRACE] [REI] [REIPlugin START] Reloading Section: "pre-stage/FluidSupportProviderImpl/" done in 139.7 μs
[16:53:04] [main/TRACE] [REI] [REIPlugin START] Reloading Section: "pre-stage/" done in 6.678 ms
[16:53:04] [main/DEBUG] [REI] ========================================
[16:53:04] [main/DEBUG] [REI] REIPlugin finished pre-reload for START in 23.46 ms.
[16:53:04] [main/DEBUG] [REI] ========================================
[16:53:04] [main/DEBUG] [REI] ========================================
[16:53:04] [main/DEBUG] [REI] REIServerPlugin starting pre-reload for START.
[16:53:04] [main/DEBUG] [REI] Reloadables (2):
[16:53:04] [main/DEBUG] [REI]  - MenuInfoRegistryImpl
[16:53:04] [main/DEBUG] [REI]  - SlotAccessorRegistryImpl
[16:53:04] [main/DEBUG] [REI] Plugins (4):
[16:53:04] [main/DEBUG] [REI]  - (-100.00) DefaultPlugin of DefaultPlugin [roughlyenoughitems]
[16:53:04] [main/DEBUG] [REI]  - (0.00) FabricFluidAPISupportPlugin
[16:53:04] [main/DEBUG] [REI]  - (0.00) ReiCompat of ReiCompat [travelersbackpack]
[16:53:04] [main/DEBUG] [REI]  - (0.00) DefaultRuntimePlugin of DefaultRuntimePlugin [roughlyenoughitems]
[16:53:04] [main/DEBUG] [REI] ========================================
[16:53:04] [main/TRACE] [REI] [REIServerPlugin START] Reloading Section: "pre-register/"
[16:53:04] [main/TRACE] [REI] [REIServerPlugin START] Reloading Section: "pre-register/DefaultPlugin of DefaultPlugin [roughlyenoughitems]/"
[16:53:04] [main/TRACE] [REI] [REIServerPlugin START] Reloading Section: "pre-register/DefaultPlugin of DefaultPlugin [roughlyenoughitems]/" done in 118.0 μs
[16:53:04] [main/TRACE] [REI] [REIServerPlugin START] Reloading Section: "pre-register/FabricFluidAPISupportPlugin/"
[16:53:04] [main/TRACE] [REI] [REIServerPlugin START] Reloading Section: "pre-register/FabricFluidAPISupportPlugin/" done in 123.7 μs
[16:53:04] [main/TRACE] [REI] [REIServerPlugin START] Reloading Section: "pre-register/ReiCompat of ReiCompat [travelersbackpack]/"
[16:53:04] [main/TRACE] [REI] [REIServerPlugin START] Reloading Section: "pre-register/ReiCompat of ReiCompat [travelersbackpack]/" done in 141.2 μs
[16:53:04] [main/TRACE] [REI] [REIServerPlugin START] Reloading Section: "pre-register/DefaultRuntimePlugin of DefaultRuntimePlugin [roughlyenoughitems]/"
[16:53:04] [main/TRACE] [REI] [REIServerPlugin START] Reloading Section: "pre-register/DefaultRuntimePlugin of DefaultRuntimePlugin [roughlyenoughitems]/" done in 132.0 μs
[16:53:04] [main/TRACE] [REI] [REIServerPlugin START] Reloading Section: "pre-register/" done in 2.051 ms
[16:53:04] [main/TRACE] [REI] [REIServerPlugin START] Reloading Section: "pre-stage/"
[16:53:04] [main/TRACE] [REI] [REIServerPlugin START] Reloading Section: "pre-stage/MenuInfoRegistryImpl/"
[16:53:04] [main/TRACE] [REI] [REIServerPlugin START] Reloading Section: "pre-stage/MenuInfoRegistryImpl/" done in 133.6 μs
[16:53:04] [main/TRACE] [REI] [REIServerPlugin START] Reloading Section: "pre-stage/SlotAccessorRegistryImpl/"
[16:53:04] [main/TRACE] [REI] [REIServerPlugin START] Reloading Section: "pre-stage/SlotAccessorRegistryImpl/" done in 167.8 μs
[16:53:04] [main/TRACE] [REI] [REIServerPlugin START] Reloading Section: "pre-stage/" done in 2.162 ms
[16:53:04] [main/DEBUG] [REI] ========================================
[16:53:04] [main/DEBUG] [REI] REIServerPlugin finished pre-reload for START in 4.672 ms.
[16:53:04] [main/DEBUG] [REI] ========================================
[16:53:04] [main/INFO] [REI] @@@@@@@@@@@@@@@@@@@@@@@@@@@@@@@@@@@@@@@@
[16:53:04] [main/INFO] [REI] REIPlugin starting main-reload for START.
[16:53:04] [main/DEBUG] [REI] Reloadables (7):
[16:53:04] [main/DEBUG] [REI]  - EntryTypeRegistryImpl
[16:53:04] [main/DEBUG] [REI]  - EntrySettingsAdapterRegistryImpl
[16:53:04] [main/DEBUG] [REI]  - RecipeManagerContextImpl
[16:53:04] [main/DEBUG] [REI]  - ItemComparatorRegistryImpl
[16:53:04] [main/DEBUG] [REI]  - FluidComparatorRegistryImpl
[16:53:04] [main/DEBUG] [REI]  - DisplaySerializerRegistryImpl
[16:53:04] [main/DEBUG] [REI]  - FluidSupportProviderImpl
[16:53:04] [main/INFO] [REI] Plugins (4):
[16:53:04] [main/INFO] [REI]  - (-100.00) DefaultPlugin of DefaultPlugin [roughlyenoughitems]
[16:53:04] [main/INFO] [REI]  - (0.00) FabricFluidAPISupportPlugin
[16:53:04] [main/INFO] [REI]  - (0.00) ReiCompat of ReiCompat [travelersbackpack]
[16:53:04] [main/INFO] [REI]  - (0.00) DefaultRuntimePlugin of DefaultRuntimePlugin [roughlyenoughitems]
[16:53:04] [main/INFO] [REI] @@@@@@@@@@@@@@@@@@@@@@@@@@@@@@@@@@@@@@@@
[16:53:04] [main/TRACE] [REI] [REIPlugin START] Reloading Section: "start-reload/"
[16:53:04] [main/TRACE] [REI] [REIPlugin START] Reloading Section: "start-reload/EntryTypeRegistryImpl/"
[16:53:04] [main/TRACE] [REI] [REIPlugin START] Reloading Section: "start-reload/EntryTypeRegistryImpl/" done in 79.56 μs
[16:53:04] [main/TRACE] [REI] [REIPlugin START] Reloading Section: "start-reload/EntrySettingsAdapterRegistryImpl/"
[16:53:04] [main/TRACE] [REI] [REIPlugin START] Reloading Section: "start-reload/EntrySettingsAdapterRegistryImpl/" done in 61.68 μs
[16:53:04] [main/TRACE] [REI] [REIPlugin START] Reloading Section: "start-reload/RecipeManagerContextImpl/"
[16:53:04] [main/TRACE] [REI] [REIPlugin START] Reloading Section: "start-reload/RecipeManagerContextImpl/" done in 46.94 μs
[16:53:04] [main/TRACE] [REI] [REIPlugin START] Reloading Section: "start-reload/ItemComparatorRegistryImpl/"
[16:53:04] [main/TRACE] [REI] [REIPlugin START] Reloading Section: "start-reload/ItemComparatorRegistryImpl/" done in 75.52 μs
[16:53:04] [main/TRACE] [REI] [REIPlugin START] Reloading Section: "start-reload/FluidComparatorRegistryImpl/"
[16:53:04] [main/TRACE] [REI] [REIPlugin START] Reloading Section: "start-reload/FluidComparatorRegistryImpl/" done in 81.10 μs
[16:53:04] [main/TRACE] [REI] [REIPlugin START] Reloading Section: "start-reload/DisplaySerializerRegistryImpl/"
[16:53:04] [main/TRACE] [REI] [REIPlugin START] Reloading Section: "start-reload/DisplaySerializerRegistryImpl/" done in 53.41 μs
[16:53:04] [main/TRACE] [REI] [REIPlugin START] Reloading Section: "start-reload/FluidSupportProviderImpl/"
[16:53:04] [main/TRACE] [REI] [REIPlugin START] Reloading Section: "start-reload/FluidSupportProviderImpl/" done in 64.45 μs
[16:53:04] [main/TRACE] [REI] [REIPlugin START] Reloading Section: "start-reload/" done in 1.256 ms
[16:53:04] [main/DEBUG] [REI] ========================================
[16:53:04] [main/DEBUG] [REI] REIPlugin started main-reload for START.
[16:53:04] [main/DEBUG] [REI] ========================================
[16:53:04] [main/TRACE] [REI] [REIPlugin START] Reloading Section: "reloadable-plugin/EntryTypeRegistryImpl/"
[16:53:04] [main/TRACE] [REI] [REIPlugin START] Reloading Section: "reloadable-plugin/EntryTypeRegistryImpl/DefaultPlugin of DefaultPlugin [roughlyenoughitems]/"
[16:53:04] [main/TRACE] [REI] [REIPlugin START] Reloading Section: "reloadable-plugin/EntryTypeRegistryImpl/DefaultPlugin of DefaultPlugin [roughlyenoughitems]/" done in 340.8 μs
[16:53:04] [main/TRACE] [REI] [REIPlugin START] Reloading Section: "reloadable-plugin/EntryTypeRegistryImpl/FabricFluidAPISupportPlugin/"
[16:53:04] [main/TRACE] [REI] [REIPlugin START] Reloading Section: "reloadable-plugin/EntryTypeRegistryImpl/FabricFluidAPISupportPlugin/" done in 718.0 μs
[16:53:04] [main/TRACE] [REI] [REIPlugin START] Reloading Section: "reloadable-plugin/EntryTypeRegistryImpl/ReiCompat of ReiCompat [travelersbackpack]/"
[16:53:04] [main/TRACE] [REI] [REIPlugin START] Reloading Section: "reloadable-plugin/EntryTypeRegistryImpl/ReiCompat of ReiCompat [travelersbackpack]/" done in 106.4 μs
[16:53:04] [main/TRACE] [REI] [REIPlugin START] Reloading Section: "reloadable-plugin/EntryTypeRegistryImpl/DefaultRuntimePlugin of DefaultRuntimePlugin [roughlyenoughitems]/"
[16:53:04] [main/TRACE] [REI] [REIPlugin START] Reloading Section: "reloadable-plugin/EntryTypeRegistryImpl/DefaultRuntimePlugin of DefaultRuntimePlugin [roughlyenoughitems]/" done in 7.813 ms
[16:53:04] [main/TRACE] [REI] [REIPlugin START] Reloading Section: "reloadable-plugin/EntryTypeRegistryImpl/" done in 10.66 ms
[16:53:04] [main/TRACE] [REI] [REIPlugin START] Reloading Section: "reloadable-plugin/EntrySettingsAdapterRegistryImpl/"
[16:53:04] [main/TRACE] [REI] [REIPlugin START] Reloading Section: "reloadable-plugin/EntrySettingsAdapterRegistryImpl/DefaultPlugin of DefaultPlugin [roughlyenoughitems]/"
[16:53:04] [main/TRACE] [REI] [REIPlugin START] Reloading Section: "reloadable-plugin/EntrySettingsAdapterRegistryImpl/DefaultPlugin of DefaultPlugin [roughlyenoughitems]/" done in 2.460 ms
[16:53:04] [main/TRACE] [REI] [REIPlugin START] Reloading Section: "reloadable-plugin/EntrySettingsAdapterRegistryImpl/FabricFluidAPISupportPlugin/"
[16:53:04] [main/TRACE] [REI] [REIPlugin START] Reloading Section: "reloadable-plugin/EntrySettingsAdapterRegistryImpl/FabricFluidAPISupportPlugin/" done in 122.1 μs
[16:53:04] [main/TRACE] [REI] [REIPlugin START] Reloading Section: "reloadable-plugin/EntrySettingsAdapterRegistryImpl/ReiCompat of ReiCompat [travelersbackpack]/"
[16:53:04] [main/TRACE] [REI] [REIPlugin START] Reloading Section: "reloadable-plugin/EntrySettingsAdapterRegistryImpl/ReiCompat of ReiCompat [travelersbackpack]/" done in 313.7 μs
[16:53:04] [main/TRACE] [REI] [REIPlugin START] Reloading Section: "reloadable-plugin/EntrySettingsAdapterRegistryImpl/DefaultRuntimePlugin of DefaultRuntimePlugin [roughlyenoughitems]/"
[16:53:04] [main/TRACE] [REI] [REIPlugin START] Reloading Section: "reloadable-plugin/EntrySettingsAdapterRegistryImpl/DefaultRuntimePlugin of DefaultRuntimePlugin [roughlyenoughitems]/" done in 132.9 μs
[16:53:04] [main/TRACE] [REI] [REIPlugin START] Reloading Section: "reloadable-plugin/EntrySettingsAdapterRegistryImpl/" done in 7.206 ms
[16:53:04] [main/TRACE] [REI] [REIPlugin START] Reloading Section: "reloadable-plugin/RecipeManagerContextImpl/"
[16:53:04] [main/TRACE] [REI] [REIPlugin START] Reloading Section: "reloadable-plugin/RecipeManagerContextImpl/DefaultPlugin of DefaultPlugin [roughlyenoughitems]/"
[16:53:04] [main/TRACE] [REI] [REIPlugin START] Reloading Section: "reloadable-plugin/RecipeManagerContextImpl/DefaultPlugin of DefaultPlugin [roughlyenoughitems]/" done in 119.5 μs
[16:53:04] [main/TRACE] [REI] [REIPlugin START] Reloading Section: "reloadable-plugin/RecipeManagerContextImpl/FabricFluidAPISupportPlugin/"
[16:53:04] [main/TRACE] [REI] [REIPlugin START] Reloading Section: "reloadable-plugin/RecipeManagerContextImpl/FabricFluidAPISupportPlugin/" done in 153.0 μs
[16:53:04] [main/TRACE] [REI] [REIPlugin START] Reloading Section: "reloadable-plugin/RecipeManagerContextImpl/ReiCompat of ReiCompat [travelersbackpack]/"
[16:53:04] [main/TRACE] [REI] [REIPlugin START] Reloading Section: "reloadable-plugin/RecipeManagerContextImpl/ReiCompat of ReiCompat [travelersbackpack]/" done in 137.6 μs
[16:53:04] [main/TRACE] [REI] [REIPlugin START] Reloading Section: "reloadable-plugin/RecipeManagerContextImpl/DefaultRuntimePlugin of DefaultRuntimePlugin [roughlyenoughitems]/"
[16:53:04] [main/TRACE] [REI] [REIPlugin START] Reloading Section: "reloadable-plugin/RecipeManagerContextImpl/DefaultRuntimePlugin of DefaultRuntimePlugin [roughlyenoughitems]/" done in 133.2 μs
[16:53:04] [main/TRACE] [REI] [REIPlugin START] Reloading Section: "reloadable-plugin/RecipeManagerContextImpl/" done in 1.405 ms
[16:53:04] [main/TRACE] [REI] [REIPlugin START] Reloading Section: "reloadable-plugin/ItemComparatorRegistryImpl/"
[16:53:04] [main/TRACE] [REI] [REIPlugin START] Reloading Section: "reloadable-plugin/ItemComparatorRegistryImpl/DefaultPlugin of DefaultPlugin [roughlyenoughitems]/"
[16:53:04] [main/TRACE] [REI] [REIPlugin START] Reloading Section: "reloadable-plugin/ItemComparatorRegistryImpl/DefaultPlugin of DefaultPlugin [roughlyenoughitems]/" done in 825.4 μs
[16:53:04] [main/TRACE] [REI] [REIPlugin START] Reloading Section: "reloadable-plugin/ItemComparatorRegistryImpl/FabricFluidAPISupportPlugin/"
[16:53:04] [main/TRACE] [REI] [REIPlugin START] Reloading Section: "reloadable-plugin/ItemComparatorRegistryImpl/FabricFluidAPISupportPlugin/" done in 138.1 μs
[16:53:04] [main/TRACE] [REI] [REIPlugin START] Reloading Section: "reloadable-plugin/ItemComparatorRegistryImpl/ReiCompat of ReiCompat [travelersbackpack]/"
[16:53:04] [main/TRACE] [REI] [REIPlugin START] Reloading Section: "reloadable-plugin/ItemComparatorRegistryImpl/ReiCompat of ReiCompat [travelersbackpack]/" done in 128.8 μs
[16:53:04] [main/TRACE] [REI] [REIPlugin START] Reloading Section: "reloadable-plugin/ItemComparatorRegistryImpl/DefaultRuntimePlugin of DefaultRuntimePlugin [roughlyenoughitems]/"
[16:53:04] [main/TRACE] [REI] [REIPlugin START] Reloading Section: "reloadable-plugin/ItemComparatorRegistryImpl/DefaultRuntimePlugin of DefaultRuntimePlugin [roughlyenoughitems]/" done in 116.3 μs
[16:53:04] [main/TRACE] [REI] [REIPlugin START] Reloading Section: "reloadable-plugin/ItemComparatorRegistryImpl/" done in 3.300 ms
[16:53:04] [main/TRACE] [REI] [REIPlugin START] Reloading Section: "reloadable-plugin/FluidComparatorRegistryImpl/"
[16:53:04] [main/TRACE] [REI] [REIPlugin START] Reloading Section: "reloadable-plugin/FluidComparatorRegistryImpl/DefaultPlugin of DefaultPlugin [roughlyenoughitems]/"
[16:53:04] [main/TRACE] [REI] [REIPlugin START] Reloading Section: "reloadable-plugin/FluidComparatorRegistryImpl/DefaultPlugin of DefaultPlugin [roughlyenoughitems]/" done in 135.2 μs
[16:53:04] [main/TRACE] [REI] [REIPlugin START] Reloading Section: "reloadable-plugin/FluidComparatorRegistryImpl/FabricFluidAPISupportPlugin/"
[16:53:04] [main/TRACE] [REI] [REIPlugin START] Reloading Section: "reloadable-plugin/FluidComparatorRegistryImpl/FabricFluidAPISupportPlugin/" done in 303.2 μs
[16:53:04] [main/TRACE] [REI] [REIPlugin START] Reloading Section: "reloadable-plugin/FluidComparatorRegistryImpl/ReiCompat of ReiCompat [travelersbackpack]/"
[16:53:04] [main/TRACE] [REI] [REIPlugin START] Reloading Section: "reloadable-plugin/FluidComparatorRegistryImpl/ReiCompat of ReiCompat [travelersbackpack]/" done in 123.2 μs
[16:53:04] [main/TRACE] [REI] [REIPlugin START] Reloading Section: "reloadable-plugin/FluidComparatorRegistryImpl/DefaultRuntimePlugin of DefaultRuntimePlugin [roughlyenoughitems]/"
[16:53:04] [main/TRACE] [REI] [REIPlugin START] Reloading Section: "reloadable-plugin/FluidComparatorRegistryImpl/DefaultRuntimePlugin of DefaultRuntimePlugin [roughlyenoughitems]/" done in 126.9 μs
[16:53:04] [main/TRACE] [REI] [REIPlugin START] Reloading Section: "reloadable-plugin/FluidComparatorRegistryImpl/" done in 3.362 ms
[16:53:04] [main/TRACE] [REI] [REIPlugin START] Reloading Section: "reloadable-plugin/DisplaySerializerRegistryImpl/"
[16:53:04] [main/TRACE] [REI] [REIPlugin START] Reloading Section: "reloadable-plugin/DisplaySerializerRegistryImpl/DefaultPlugin of DefaultPlugin [roughlyenoughitems]/"
[16:53:04] [main/TRACE] [REI] [REIPlugin START] Reloading Section: "reloadable-plugin/DisplaySerializerRegistryImpl/DefaultPlugin of DefaultPlugin [roughlyenoughitems]/" done in 136.3 μs
[16:53:04] [main/TRACE] [REI] [REIPlugin START] Reloading Section: "reloadable-plugin/DisplaySerializerRegistryImpl/FabricFluidAPISupportPlugin/"
[16:53:04] [main/TRACE] [REI] [REIPlugin START] Reloading Section: "reloadable-plugin/DisplaySerializerRegistryImpl/FabricFluidAPISupportPlugin/" done in 127.6 μs
[16:53:04] [main/TRACE] [REI] [REIPlugin START] Reloading Section: "reloadable-plugin/DisplaySerializerRegistryImpl/ReiCompat of ReiCompat [travelersbackpack]/"
[16:53:04] [main/TRACE] [REI] [REIPlugin START] Reloading Section: "reloadable-plugin/DisplaySerializerRegistryImpl/ReiCompat of ReiCompat [travelersbackpack]/" done in 117.5 μs
[16:53:04] [main/TRACE] [REI] [REIPlugin START] Reloading Section: "reloadable-plugin/DisplaySerializerRegistryImpl/DefaultRuntimePlugin of DefaultRuntimePlugin [roughlyenoughitems]/"
[16:53:04] [main/TRACE] [REI] [REIPlugin START] Reloading Section: "reloadable-plugin/DisplaySerializerRegistryImpl/DefaultRuntimePlugin of DefaultRuntimePlugin [roughlyenoughitems]/" done in 133.1 μs
[16:53:04] [main/TRACE] [REI] [REIPlugin START] Reloading Section: "reloadable-plugin/DisplaySerializerRegistryImpl/" done in 2.022 ms
[16:53:04] [main/TRACE] [REI] [REIPlugin START] Reloading Section: "reloadable-plugin/FluidSupportProviderImpl/"
[16:53:04] [main/TRACE] [REI] [REIPlugin START] Reloading Section: "reloadable-plugin/FluidSupportProviderImpl/DefaultPlugin of DefaultPlugin [roughlyenoughitems]/"
[16:53:04] [main/TRACE] [REI] [REIPlugin START] Reloading Section: "reloadable-plugin/FluidSupportProviderImpl/DefaultPlugin of DefaultPlugin [roughlyenoughitems]/" done in 585.7 μs
[16:53:04] [main/TRACE] [REI] [REIPlugin START] Reloading Section: "reloadable-plugin/FluidSupportProviderImpl/FabricFluidAPISupportPlugin/"
[16:53:04] [main/TRACE] [REI] [REIPlugin START] Reloading Section: "reloadable-plugin/FluidSupportProviderImpl/FabricFluidAPISupportPlugin/" done in 339.1 μs
[16:53:04] [main/TRACE] [REI] [REIPlugin START] Reloading Section: "reloadable-plugin/FluidSupportProviderImpl/ReiCompat of ReiCompat [travelersbackpack]/"
[16:53:04] [main/TRACE] [REI] [REIPlugin START] Reloading Section: "reloadable-plugin/FluidSupportProviderImpl/ReiCompat of ReiCompat [travelersbackpack]/" done in 122.7 μs
[16:53:04] [main/TRACE] [REI] [REIPlugin START] Reloading Section: "reloadable-plugin/FluidSupportProviderImpl/DefaultRuntimePlugin of DefaultRuntimePlugin [roughlyenoughitems]/"
[16:53:04] [main/TRACE] [REI] [REIPlugin START] Reloading Section: "reloadable-plugin/FluidSupportProviderImpl/DefaultRuntimePlugin of DefaultRuntimePlugin [roughlyenoughitems]/" done in 173.9 μs
[16:53:04] [main/TRACE] [REI] [REIPlugin START] Reloading Section: "reloadable-plugin/FluidSupportProviderImpl/" done in 2.077 ms
[16:53:04] [main/DEBUG] [REI] ========================================
[16:53:04] [main/DEBUG] [REI] REIPlugin ending main-reload for START.
[16:53:04] [main/DEBUG] [REI] ========================================
[16:53:04] [main/TRACE] [REI] [REIPlugin START] Reloading Section: "end-reload/"
[16:53:04] [main/TRACE] [REI] [REIPlugin START] Reloading Section: "end-reload/EntryTypeRegistryImpl/"
[16:53:04] [main/TRACE] [REI] [REIPlugin START] Reloading Section: "end-reload/EntryTypeRegistryImpl/" done in 235.0 μs
[16:53:04] [main/TRACE] [REI] [REIPlugin START] Reloading Section: "end-reload/EntrySettingsAdapterRegistryImpl/"
[16:53:04] [main/TRACE] [REI] [REIPlugin START] Reloading Section: "end-reload/EntrySettingsAdapterRegistryImpl/" done in 232.3 μs
[16:53:04] [main/TRACE] [REI] [REIPlugin START] Reloading Section: "end-reload/RecipeManagerContextImpl/"
[16:53:04] [main/TRACE] [REI] [REIPlugin START] Reloading Section: "end-reload/RecipeManagerContextImpl/" done in 165.1 μs
[16:53:04] [main/TRACE] [REI] [REIPlugin START] Reloading Section: "end-reload/ItemComparatorRegistryImpl/"
[16:53:04] [main/TRACE] [REI] [REIPlugin START] Reloading Section: "end-reload/ItemComparatorRegistryImpl/" done in 207.2 μs
[16:53:04] [main/TRACE] [REI] [REIPlugin START] Reloading Section: "end-reload/FluidComparatorRegistryImpl/"
[16:53:04] [main/TRACE] [REI] [REIPlugin START] Reloading Section: "end-reload/FluidComparatorRegistryImpl/" done in 205.7 μs
[16:53:04] [main/TRACE] [REI] [REIPlugin START] Reloading Section: "end-reload/DisplaySerializerRegistryImpl/"
[16:53:04] [main/TRACE] [REI] [REIPlugin START] Reloading Section: "end-reload/DisplaySerializerRegistryImpl/" done in 136.0 μs
[16:53:04] [main/TRACE] [REI] [REIPlugin START] Reloading Section: "end-reload/FluidSupportProviderImpl/"
[16:53:04] [main/TRACE] [REI] [REIPlugin START] Reloading Section: "end-reload/FluidSupportProviderImpl/" done in 113.2 μs
[16:53:04] [main/TRACE] [REI] [REIPlugin START] Reloading Section: "end-reload/" done in 7.982 ms
[16:53:04] [main/DEBUG] [REI] ========================================
[16:53:04] [main/DEBUG] [REI] REIPlugin ended main-reload for START in 47.55 ms.
[16:53:04] [main/DEBUG] [REI] ========================================
[16:53:04] [main/INFO] [REI] OOOOOOOOOOOOOOOOOOOOOOOOOOOOOOOOOOOOOOOO
[16:53:04] [main/INFO] [REI] REIServerPlugin starting main-reload for START.
[16:53:04] [main/DEBUG] [REI] Reloadables (2):
[16:53:04] [main/DEBUG] [REI]  - MenuInfoRegistryImpl
[16:53:04] [main/DEBUG] [REI]  - SlotAccessorRegistryImpl
[16:53:04] [main/INFO] [REI] Plugins (4):
[16:53:04] [main/INFO] [REI]  - (-100.00) DefaultPlugin of DefaultPlugin [roughlyenoughitems]
[16:53:04] [main/INFO] [REI]  - (0.00) FabricFluidAPISupportPlugin
[16:53:04] [main/INFO] [REI]  - (0.00) ReiCompat of ReiCompat [travelersbackpack]
[16:53:04] [main/INFO] [REI]  - (0.00) DefaultRuntimePlugin of DefaultRuntimePlugin [roughlyenoughitems]
[16:53:04] [main/INFO] [REI] OOOOOOOOOOOOOOOOOOOOOOOOOOOOOOOOOOOOOOOO
[16:53:04] [main/TRACE] [REI] [REIServerPlugin START] Reloading Section: "start-reload/"
[16:53:04] [main/TRACE] [REI] [REIServerPlugin START] Reloading Section: "start-reload/MenuInfoRegistryImpl/"
[16:53:04] [main/TRACE] [REI] [REIServerPlugin START] Reloading Section: "start-reload/MenuInfoRegistryImpl/" done in 142.4 μs
[16:53:04] [main/TRACE] [REI] [REIServerPlugin START] Reloading Section: "start-reload/SlotAccessorRegistryImpl/"
[16:53:04] [main/TRACE] [REI] [REIServerPlugin START] Reloading Section: "start-reload/SlotAccessorRegistryImpl/" done in 128.9 μs
[16:53:04] [main/TRACE] [REI] [REIServerPlugin START] Reloading Section: "start-reload/" done in 1.336 ms
[16:53:04] [main/DEBUG] [REI] ========================================
[16:53:04] [main/DEBUG] [REI] REIServerPlugin started main-reload for START.
[16:53:04] [main/DEBUG] [REI] ========================================
[16:53:04] [main/TRACE] [REI] [REIServerPlugin START] Reloading Section: "reloadable-plugin/MenuInfoRegistryImpl/"
[16:53:04] [main/TRACE] [REI] [REIServerPlugin START] Reloading Section: "reloadable-plugin/MenuInfoRegistryImpl/DefaultPlugin of DefaultPlugin [roughlyenoughitems]/"
[16:53:04] [main/TRACE] [REI] [REIServerPlugin START] Reloading Section: "reloadable-plugin/MenuInfoRegistryImpl/DefaultPlugin of DefaultPlugin [roughlyenoughitems]/" done in 129.4 μs
[16:53:04] [main/TRACE] [REI] [REIServerPlugin START] Reloading Section: "reloadable-plugin/MenuInfoRegistryImpl/FabricFluidAPISupportPlugin/"
[16:53:04] [main/TRACE] [REI] [REIServerPlugin START] Reloading Section: "reloadable-plugin/MenuInfoRegistryImpl/FabricFluidAPISupportPlugin/" done in 129.3 μs
[16:53:04] [main/TRACE] [REI] [REIServerPlugin START] Reloading Section: "reloadable-plugin/MenuInfoRegistryImpl/ReiCompat of ReiCompat [travelersbackpack]/"
[16:53:04] [main/TRACE] [REI] [REIServerPlugin START] Reloading Section: "reloadable-plugin/MenuInfoRegistryImpl/ReiCompat of ReiCompat [travelersbackpack]/" done in 3.455 ms
[16:53:04] [main/TRACE] [REI] [REIServerPlugin START] Reloading Section: "reloadable-plugin/MenuInfoRegistryImpl/DefaultRuntimePlugin of DefaultRuntimePlugin [roughlyenoughitems]/"
[16:53:04] [main/TRACE] [REI] [REIServerPlugin START] Reloading Section: "reloadable-plugin/MenuInfoRegistryImpl/DefaultRuntimePlugin of DefaultRuntimePlugin [roughlyenoughitems]/" done in 113.9 μs
[16:53:04] [main/TRACE] [REI] [REIServerPlugin START] Reloading Section: "reloadable-plugin/MenuInfoRegistryImpl/" done in 7.318 ms
[16:53:04] [main/TRACE] [REI] [REIServerPlugin START] Reloading Section: "reloadable-plugin/SlotAccessorRegistryImpl/"
[16:53:04] [main/TRACE] [REI] [REIServerPlugin START] Reloading Section: "reloadable-plugin/SlotAccessorRegistryImpl/DefaultPlugin of DefaultPlugin [roughlyenoughitems]/"
[16:53:04] [main/TRACE] [REI] [REIServerPlugin START] Reloading Section: "reloadable-plugin/SlotAccessorRegistryImpl/DefaultPlugin of DefaultPlugin [roughlyenoughitems]/" done in 103.4 μs
[16:53:04] [main/TRACE] [REI] [REIServerPlugin START] Reloading Section: "reloadable-plugin/SlotAccessorRegistryImpl/FabricFluidAPISupportPlugin/"
[16:53:04] [main/TRACE] [REI] [REIServerPlugin START] Reloading Section: "reloadable-plugin/SlotAccessorRegistryImpl/FabricFluidAPISupportPlugin/" done in 101.0 μs
[16:53:04] [main/TRACE] [REI] [REIServerPlugin START] Reloading Section: "reloadable-plugin/SlotAccessorRegistryImpl/ReiCompat of ReiCompat [travelersbackpack]/"
[16:53:04] [main/TRACE] [REI] [REIServerPlugin START] Reloading Section: "reloadable-plugin/SlotAccessorRegistryImpl/ReiCompat of ReiCompat [travelersbackpack]/" done in 100.1 μs
[16:53:04] [main/TRACE] [REI] [REIServerPlugin START] Reloading Section: "reloadable-plugin/SlotAccessorRegistryImpl/DefaultRuntimePlugin of DefaultRuntimePlugin [roughlyenoughitems]/"
[16:53:04] [main/TRACE] [REI] [REIServerPlugin START] Reloading Section: "reloadable-plugin/SlotAccessorRegistryImpl/DefaultRuntimePlugin of DefaultRuntimePlugin [roughlyenoughitems]/" done in 105.5 μs
[16:53:04] [main/TRACE] [REI] [REIServerPlugin START] Reloading Section: "reloadable-plugin/SlotAccessorRegistryImpl/" done in 1.211 ms
[16:53:04] [main/DEBUG] [REI] ========================================
[16:53:04] [main/DEBUG] [REI] REIServerPlugin ending main-reload for START.
[16:53:04] [main/DEBUG] [REI] ========================================
[16:53:04] [main/TRACE] [REI] [REIServerPlugin START] Reloading Section: "end-reload/"
[16:53:04] [main/TRACE] [REI] [REIServerPlugin START] Reloading Section: "end-reload/MenuInfoRegistryImpl/"
[16:53:04] [main/TRACE] [REI] [REIServerPlugin START] Reloading Section: "end-reload/MenuInfoRegistryImpl/" done in 104.2 μs
[16:53:04] [main/TRACE] [REI] [REIServerPlugin START] Reloading Section: "end-reload/SlotAccessorRegistryImpl/"
[16:53:04] [main/TRACE] [REI] [REIServerPlugin START] Reloading Section: "end-reload/SlotAccessorRegistryImpl/" done in 1.002 ms
[16:53:04] [main/TRACE] [REI] [REIServerPlugin START] Reloading Section: "end-reload/" done in 1.925 ms
[16:53:04] [main/DEBUG] [REI] ========================================
[16:53:04] [main/DEBUG] [REI] REIServerPlugin ended main-reload for START in 25.53 ms.
[16:53:04] [main/DEBUG] [REI] ========================================
[16:53:04] [main/DEBUG] [REI] ========================================
[16:53:04] [main/DEBUG] [REI] REIPlugin starting post-reload for START.
[16:53:04] [main/DEBUG] [REI] Reloadables (7):
[16:53:04] [main/DEBUG] [REI]  - EntryTypeRegistryImpl
[16:53:04] [main/DEBUG] [REI]  - EntrySettingsAdapterRegistryImpl
[16:53:04] [main/DEBUG] [REI]  - RecipeManagerContextImpl
[16:53:04] [main/DEBUG] [REI]  - ItemComparatorRegistryImpl
[16:53:04] [main/DEBUG] [REI]  - FluidComparatorRegistryImpl
[16:53:04] [main/DEBUG] [REI]  - DisplaySerializerRegistryImpl
[16:53:04] [main/DEBUG] [REI]  - FluidSupportProviderImpl
[16:53:04] [main/DEBUG] [REI] Plugins (4):
[16:53:04] [main/DEBUG] [REI]  - (-100.00) DefaultPlugin of DefaultPlugin [roughlyenoughitems]
[16:53:04] [main/DEBUG] [REI]  - (0.00) FabricFluidAPISupportPlugin
[16:53:04] [main/DEBUG] [REI]  - (0.00) ReiCompat of ReiCompat [travelersbackpack]
[16:53:04] [main/DEBUG] [REI]  - (0.00) DefaultRuntimePlugin of DefaultRuntimePlugin [roughlyenoughitems]
[16:53:04] [main/DEBUG] [REI] ========================================
[16:53:04] [main/TRACE] [REI] [REIPlugin START] Reloading Section: "post-register/"
[16:53:04] [main/TRACE] [REI] [REIPlugin START] Reloading Section: "post-register/DefaultPlugin of DefaultPlugin [roughlyenoughitems]/"
[16:53:04] [main/TRACE] [REI] [REIPlugin START] Reloading Section: "post-register/DefaultPlugin of DefaultPlugin [roughlyenoughitems]/" done in 360.4 μs
[16:53:04] [main/TRACE] [REI] [REIPlugin START] Reloading Section: "post-register/FabricFluidAPISupportPlugin/"
[16:53:04] [main/TRACE] [REI] [REIPlugin START] Reloading Section: "post-register/FabricFluidAPISupportPlugin/" done in 119.7 μs
[16:53:04] [main/TRACE] [REI] [REIPlugin START] Reloading Section: "post-register/ReiCompat of ReiCompat [travelersbackpack]/"
[16:53:04] [main/TRACE] [REI] [REIPlugin START] Reloading Section: "post-register/ReiCompat of ReiCompat [travelersbackpack]/" done in 122.1 μs
[16:53:04] [main/TRACE] [REI] [REIPlugin START] Reloading Section: "post-register/DefaultRuntimePlugin of DefaultRuntimePlugin [roughlyenoughitems]/"
[16:53:04] [main/TRACE] [REI] [REIPlugin START] Reloading Section: "post-register/DefaultRuntimePlugin of DefaultRuntimePlugin [roughlyenoughitems]/" done in 109.2 μs
[16:53:04] [main/TRACE] [REI] [REIPlugin START] Reloading Section: "post-register/" done in 2.106 ms
[16:53:04] [main/TRACE] [REI] [REIPlugin START] Reloading Section: "post-stage/"
[16:53:04] [main/TRACE] [REI] [REIPlugin START] Reloading Section: "post-stage/EntryTypeRegistryImpl/"
[16:53:04] [main/TRACE] [REI] [REIPlugin START] Reloading Section: "post-stage/EntryTypeRegistryImpl/" done in 111.8 μs
[16:53:04] [main/TRACE] [REI] [REIPlugin START] Reloading Section: "post-stage/EntrySettingsAdapterRegistryImpl/"
[16:53:04] [main/TRACE] [REI] [REIPlugin START] Reloading Section: "post-stage/EntrySettingsAdapterRegistryImpl/" done in 436.4 μs
[16:53:04] [main/TRACE] [REI] [REIPlugin START] Reloading Section: "post-stage/RecipeManagerContextImpl/"
[16:53:04] [main/TRACE] [REI] [REIPlugin START] Reloading Section: "post-stage/RecipeManagerContextImpl/" done in 201.3 μs
[16:53:04] [main/TRACE] [REI] [REIPlugin START] Reloading Section: "post-stage/ItemComparatorRegistryImpl/"
[16:53:04] [main/TRACE] [REI] [REIPlugin START] Reloading Section: "post-stage/ItemComparatorRegistryImpl/" done in 122.4 μs
[16:53:04] [main/TRACE] [REI] [REIPlugin START] Reloading Section: "post-stage/FluidComparatorRegistryImpl/"
[16:53:04] [main/TRACE] [REI] [REIPlugin START] Reloading Section: "post-stage/FluidComparatorRegistryImpl/" done in 145.3 μs
[16:53:04] [main/TRACE] [REI] [REIPlugin START] Reloading Section: "post-stage/DisplaySerializerRegistryImpl/"
[16:53:04] [main/TRACE] [REI] [REIPlugin START] Reloading Section: "post-stage/DisplaySerializerRegistryImpl/" done in 156.2 μs
[16:53:04] [main/TRACE] [REI] [REIPlugin START] Reloading Section: "post-stage/FluidSupportProviderImpl/"
[16:53:04] [main/TRACE] [REI] [REIPlugin START] Reloading Section: "post-stage/FluidSupportProviderImpl/" done in 136.0 μs
[16:53:04] [main/TRACE] [REI] [REIPlugin START] Reloading Section: "post-stage/" done in 3.614 ms
[16:53:04] [main/DEBUG] [REI] ========================================
[16:53:04] [main/INFO] [REI] REIPlugin finished post-reload for START in 6.089 ms, totaling 77.01 ms.
[16:53:04] [main/DEBUG] [REI] ========================================
[16:53:04] [main/DEBUG] [REI] ========================================
[16:53:04] [main/DEBUG] [REI] REIServerPlugin starting post-reload for START.
[16:53:04] [main/DEBUG] [REI] Reloadables (2):
[16:53:04] [main/DEBUG] [REI]  - MenuInfoRegistryImpl
[16:53:04] [main/DEBUG] [REI]  - SlotAccessorRegistryImpl
[16:53:04] [main/DEBUG] [REI] Plugins (4):
[16:53:04] [main/DEBUG] [REI]  - (-100.00) DefaultPlugin of DefaultPlugin [roughlyenoughitems]
[16:53:04] [main/DEBUG] [REI]  - (0.00) FabricFluidAPISupportPlugin
[16:53:04] [main/DEBUG] [REI]  - (0.00) ReiCompat of ReiCompat [travelersbackpack]
[16:53:04] [main/DEBUG] [REI]  - (0.00) DefaultRuntimePlugin of DefaultRuntimePlugin [roughlyenoughitems]
[16:53:04] [main/DEBUG] [REI] ========================================
[16:53:04] [main/TRACE] [REI] [REIServerPlugin START] Reloading Section: "post-register/"
[16:53:04] [main/TRACE] [REI] [REIServerPlugin START] Reloading Section: "post-register/DefaultPlugin of DefaultPlugin [roughlyenoughitems]/"
[16:53:04] [main/TRACE] [REI] [REIServerPlugin START] Reloading Section: "post-register/DefaultPlugin of DefaultPlugin [roughlyenoughitems]/" done in 109.0 μs
[16:53:04] [main/TRACE] [REI] [REIServerPlugin START] Reloading Section: "post-register/FabricFluidAPISupportPlugin/"
[16:53:04] [main/TRACE] [REI] [REIServerPlugin START] Reloading Section: "post-register/FabricFluidAPISupportPlugin/" done in 129.1 μs
[16:53:04] [main/TRACE] [REI] [REIServerPlugin START] Reloading Section: "post-register/ReiCompat of ReiCompat [travelersbackpack]/"
[16:53:04] [main/TRACE] [REI] [REIServerPlugin START] Reloading Section: "post-register/ReiCompat of ReiCompat [travelersbackpack]/" done in 125.4 μs
[16:53:04] [main/TRACE] [REI] [REIServerPlugin START] Reloading Section: "post-register/DefaultRuntimePlugin of DefaultRuntimePlugin [roughlyenoughitems]/"
[16:53:04] [main/TRACE] [REI] [REIServerPlugin START] Reloading Section: "post-register/DefaultRuntimePlugin of DefaultRuntimePlugin [roughlyenoughitems]/" done in 168.5 μs
[16:53:04] [main/TRACE] [REI] [REIServerPlugin START] Reloading Section: "post-register/" done in 15.84 ms
[16:53:04] [main/TRACE] [REI] [REIServerPlugin START] Reloading Section: "post-stage/"
[16:53:04] [main/TRACE] [REI] [REIServerPlugin START] Reloading Section: "post-stage/MenuInfoRegistryImpl/"
[16:53:04] [main/TRACE] [REI] [REIServerPlugin START] Reloading Section: "post-stage/MenuInfoRegistryImpl/" done in 76.69 μs
[16:53:04] [main/TRACE] [REI] [REIServerPlugin START] Reloading Section: "post-stage/SlotAccessorRegistryImpl/"
[16:53:04] [main/TRACE] [REI] [REIServerPlugin START] Reloading Section: "post-stage/SlotAccessorRegistryImpl/" done in 48.24 μs
[16:53:04] [main/TRACE] [REI] [REIServerPlugin START] Reloading Section: "post-stage/" done in 555.1 μs
[16:53:04] [main/DEBUG] [REI] ========================================
[16:53:04] [main/INFO] [REI] REIServerPlugin finished post-reload for START in 16.58 ms, totaling 46.69 ms.
[16:53:04] [main/DEBUG] [REI] ========================================
[16:53:04] [main/DEBUG] [REI] ========================================
[16:53:04] [main/DEBUG] [REI] REIPlugin starting pre-reload for END.
[16:53:04] [main/DEBUG] [REI] Reloadables (7):
[16:53:04] [main/DEBUG] [REI]  - EntryTypeRegistryImpl
[16:53:04] [main/DEBUG] [REI]  - EntrySettingsAdapterRegistryImpl
[16:53:04] [main/DEBUG] [REI]  - RecipeManagerContextImpl
[16:53:04] [main/DEBUG] [REI]  - ItemComparatorRegistryImpl
[16:53:04] [main/DEBUG] [REI]  - FluidComparatorRegistryImpl
[16:53:04] [main/DEBUG] [REI]  - DisplaySerializerRegistryImpl
[16:53:04] [main/DEBUG] [REI]  - FluidSupportProviderImpl
[16:53:04] [main/DEBUG] [REI] Plugins (4):
[16:53:04] [main/DEBUG] [REI]  - (-100.00) DefaultPlugin of DefaultPlugin [roughlyenoughitems]
[16:53:04] [main/DEBUG] [REI]  - (0.00) FabricFluidAPISupportPlugin
[16:53:04] [main/DEBUG] [REI]  - (0.00) ReiCompat of ReiCompat [travelersbackpack]
[16:53:04] [main/DEBUG] [REI]  - (0.00) DefaultRuntimePlugin of DefaultRuntimePlugin [roughlyenoughitems]
[16:53:04] [main/DEBUG] [REI] ========================================
[16:53:04] [main/TRACE] [REI] [REIPlugin END] Reloading Section: "pre-register/"
[16:53:04] [main/TRACE] [REI] [REIPlugin END] Reloading Section: "pre-register/DefaultPlugin of DefaultPlugin [roughlyenoughitems]/"
[16:53:04] [main/TRACE] [REI] [REIPlugin END] Reloading Section: "pre-register/DefaultPlugin of DefaultPlugin [roughlyenoughitems]/" done in 41.01 μs
[16:53:04] [main/TRACE] [REI] [REIPlugin END] Reloading Section: "pre-register/FabricFluidAPISupportPlugin/"
[16:53:04] [main/TRACE] [REI] [REIPlugin END] Reloading Section: "pre-register/FabricFluidAPISupportPlugin/" done in 36.76 μs
[16:53:04] [main/TRACE] [REI] [REIPlugin END] Reloading Section: "pre-register/ReiCompat of ReiCompat [travelersbackpack]/"
[16:53:04] [main/TRACE] [REI] [REIPlugin END] Reloading Section: "pre-register/ReiCompat of ReiCompat [travelersbackpack]/" done in 40.28 μs
[16:53:04] [main/TRACE] [REI] [REIPlugin END] Reloading Section: "pre-register/DefaultRuntimePlugin of DefaultRuntimePlugin [roughlyenoughitems]/"
[16:53:04] [main/TRACE] [REI] [REIPlugin END] Reloading Section: "pre-register/DefaultRuntimePlugin of DefaultRuntimePlugin [roughlyenoughitems]/" done in 73.08 μs
[16:53:04] [main/TRACE] [REI] [REIPlugin END] Reloading Section: "pre-register/" done in 550.7 μs
[16:53:04] [main/TRACE] [REI] [REIPlugin END] Reloading Section: "pre-stage/"
[16:53:04] [main/TRACE] [REI] [REIPlugin END] Reloading Section: "pre-stage/EntryTypeRegistryImpl/"
[16:53:04] [main/TRACE] [REI] [REIPlugin END] Reloading Section: "pre-stage/EntryTypeRegistryImpl/" done in 94.61 μs
[16:53:04] [main/TRACE] [REI] [REIPlugin END] Reloading Section: "pre-stage/EntrySettingsAdapterRegistryImpl/"
[16:53:04] [main/TRACE] [REI] [REIPlugin END] Reloading Section: "pre-stage/EntrySettingsAdapterRegistryImpl/" done in 118.7 μs
[16:53:04] [main/TRACE] [REI] [REIPlugin END] Reloading Section: "pre-stage/RecipeManagerContextImpl/"
[16:53:04] [main/TRACE] [REI] [REIPlugin END] Reloading Section: "pre-stage/RecipeManagerContextImpl/" done in 48.74 μs
[16:53:04] [main/TRACE] [REI] [REIPlugin END] Reloading Section: "pre-stage/ItemComparatorRegistryImpl/"
[16:53:04] [main/TRACE] [REI] [REIPlugin END] Reloading Section: "pre-stage/ItemComparatorRegistryImpl/" done in 37.30 μs
[16:53:04] [main/TRACE] [REI] [REIPlugin END] Reloading Section: "pre-stage/FluidComparatorRegistryImpl/"
[16:53:04] [main/TRACE] [REI] [REIPlugin END] Reloading Section: "pre-stage/FluidComparatorRegistryImpl/" done in 33.83 μs
[16:53:04] [main/TRACE] [REI] [REIPlugin END] Reloading Section: "pre-stage/DisplaySerializerRegistryImpl/"
[16:53:04] [main/TRACE] [REI] [REIPlugin END] Reloading Section: "pre-stage/DisplaySerializerRegistryImpl/" done in 34.32 μs
[16:53:04] [main/TRACE] [REI] [REIPlugin END] Reloading Section: "pre-stage/FluidSupportProviderImpl/"
[16:53:04] [main/TRACE] [REI] [REIPlugin END] Reloading Section: "pre-stage/FluidSupportProviderImpl/" done in 32.60 μs
[16:53:04] [main/TRACE] [REI] [REIPlugin END] Reloading Section: "pre-stage/" done in 5.392 ms
[16:53:04] [main/DEBUG] [REI] ========================================
[16:53:04] [main/DEBUG] [REI] REIPlugin finished pre-reload for END in 6.823 ms.
[16:53:04] [main/DEBUG] [REI] ========================================
[16:53:04] [main/DEBUG] [REI] ========================================
[16:53:04] [main/DEBUG] [REI] REIServerPlugin starting pre-reload for END.
[16:53:04] [main/DEBUG] [REI] Reloadables (2):
[16:53:04] [main/DEBUG] [REI]  - MenuInfoRegistryImpl
[16:53:04] [main/DEBUG] [REI]  - SlotAccessorRegistryImpl
[16:53:04] [main/DEBUG] [REI] Plugins (4):
[16:53:04] [main/DEBUG] [REI]  - (-100.00) DefaultPlugin of DefaultPlugin [roughlyenoughitems]
[16:53:04] [main/DEBUG] [REI]  - (0.00) FabricFluidAPISupportPlugin
[16:53:04] [main/DEBUG] [REI]  - (0.00) ReiCompat of ReiCompat [travelersbackpack]
[16:53:04] [main/DEBUG] [REI]  - (0.00) DefaultRuntimePlugin of DefaultRuntimePlugin [roughlyenoughitems]
[16:53:04] [main/DEBUG] [REI] ========================================
[16:53:04] [main/TRACE] [REI] [REIServerPlugin END] Reloading Section: "pre-register/"
[16:53:04] [main/TRACE] [REI] [REIServerPlugin END] Reloading Section: "pre-register/DefaultPlugin of DefaultPlugin [roughlyenoughitems]/"
[16:53:04] [main/TRACE] [REI] [REIServerPlugin END] Reloading Section: "pre-register/DefaultPlugin of DefaultPlugin [roughlyenoughitems]/" done in 34.72 μs
[16:53:04] [main/TRACE] [REI] [REIServerPlugin END] Reloading Section: "pre-register/FabricFluidAPISupportPlugin/"
[16:53:04] [main/TRACE] [REI] [REIServerPlugin END] Reloading Section: "pre-register/FabricFluidAPISupportPlugin/" done in 47.65 μs
[16:53:04] [main/TRACE] [REI] [REIServerPlugin END] Reloading Section: "pre-register/ReiCompat of ReiCompat [travelersbackpack]/"
[16:53:04] [main/TRACE] [REI] [REIServerPlugin END] Reloading Section: "pre-register/ReiCompat of ReiCompat [travelersbackpack]/" done in 149.5 μs
[16:53:04] [main/TRACE] [REI] [REIServerPlugin END] Reloading Section: "pre-register/DefaultRuntimePlugin of DefaultRuntimePlugin [roughlyenoughitems]/"
[16:53:04] [main/TRACE] [REI] [REIServerPlugin END] Reloading Section: "pre-register/DefaultRuntimePlugin of DefaultRuntimePlugin [roughlyenoughitems]/" done in 229.2 μs
[16:53:04] [main/TRACE] [REI] [REIServerPlugin END] Reloading Section: "pre-register/" done in 2.044 ms
[16:53:04] [main/TRACE] [REI] [REIServerPlugin END] Reloading Section: "pre-stage/"
[16:53:04] [main/TRACE] [REI] [REIServerPlugin END] Reloading Section: "pre-stage/MenuInfoRegistryImpl/"
[16:53:04] [main/TRACE] [REI] [REIServerPlugin END] Reloading Section: "pre-stage/MenuInfoRegistryImpl/" done in 686.6 μs
[16:53:04] [main/TRACE] [REI] [REIServerPlugin END] Reloading Section: "pre-stage/SlotAccessorRegistryImpl/"
[16:53:04] [main/TRACE] [REI] [REIServerPlugin END] Reloading Section: "pre-stage/SlotAccessorRegistryImpl/" done in 78.63 μs
[16:53:04] [main/TRACE] [REI] [REIServerPlugin END] Reloading Section: "pre-stage/" done in 1.865 ms
[16:53:04] [main/DEBUG] [REI] ========================================
[16:53:04] [main/DEBUG] [REI] REIServerPlugin finished pre-reload for END in 4.626 ms.
[16:53:04] [main/DEBUG] [REI] ========================================
[16:53:04] [main/INFO] [REI] %%%%%%%%%%%%%%%%%%%%%%%%%%%%%%%%%%%%%%%%
[16:53:04] [main/INFO] [REI] REIPlugin starting main-reload for END.
[16:53:04] [main/DEBUG] [REI] Reloadables (7):
[16:53:04] [main/DEBUG] [REI]  - EntryTypeRegistryImpl
[16:53:04] [main/DEBUG] [REI]  - EntrySettingsAdapterRegistryImpl
[16:53:04] [main/DEBUG] [REI]  - RecipeManagerContextImpl
[16:53:04] [main/DEBUG] [REI]  - ItemComparatorRegistryImpl
[16:53:04] [main/DEBUG] [REI]  - FluidComparatorRegistryImpl
[16:53:04] [main/DEBUG] [REI]  - DisplaySerializerRegistryImpl
[16:53:04] [main/DEBUG] [REI]  - FluidSupportProviderImpl
[16:53:04] [main/INFO] [REI] Plugins (4):
[16:53:04] [main/INFO] [REI]  - (-100.00) DefaultPlugin of DefaultPlugin [roughlyenoughitems]
[16:53:04] [main/INFO] [REI]  - (0.00) FabricFluidAPISupportPlugin
[16:53:04] [main/INFO] [REI]  - (0.00) ReiCompat of ReiCompat [travelersbackpack]
[16:53:04] [main/INFO] [REI]  - (0.00) DefaultRuntimePlugin of DefaultRuntimePlugin [roughlyenoughitems]
[16:53:04] [main/INFO] [REI] %%%%%%%%%%%%%%%%%%%%%%%%%%%%%%%%%%%%%%%%
[16:53:04] [main/TRACE] [REI] [REIPlugin END] Reloading Section: "start-reload/"
[16:53:04] [main/TRACE] [REI] [REIPlugin END] Reloading Section: "start-reload/EntryTypeRegistryImpl/"
[16:53:04] [main/TRACE] [REI] [REIPlugin END] Reloading Section: "start-reload/EntryTypeRegistryImpl/" done in 43.19 μs
[16:53:04] [main/TRACE] [REI] [REIPlugin END] Reloading Section: "start-reload/EntrySettingsAdapterRegistryImpl/"
[16:53:04] [main/TRACE] [REI] [REIPlugin END] Reloading Section: "start-reload/EntrySettingsAdapterRegistryImpl/" done in 166.2 μs
[16:53:04] [main/TRACE] [REI] [REIPlugin END] Reloading Section: "start-reload/RecipeManagerContextImpl/"
[16:53:04] [main/TRACE] [REI] [REIPlugin END] Reloading Section: "start-reload/RecipeManagerContextImpl/" done in 99.23 μs
[16:53:04] [main/TRACE] [REI] [REIPlugin END] Reloading Section: "start-reload/ItemComparatorRegistryImpl/"
[16:53:04] [main/TRACE] [REI] [REIPlugin END] Reloading Section: "start-reload/ItemComparatorRegistryImpl/" done in 99.14 μs
[16:53:04] [main/TRACE] [REI] [REIPlugin END] Reloading Section: "start-reload/FluidComparatorRegistryImpl/"
[16:53:04] [main/TRACE] [REI] [REIPlugin END] Reloading Section: "start-reload/FluidComparatorRegistryImpl/" done in 98.45 μs
[16:53:04] [main/TRACE] [REI] [REIPlugin END] Reloading Section: "start-reload/DisplaySerializerRegistryImpl/"
[16:53:04] [main/TRACE] [REI] [REIPlugin END] Reloading Section: "start-reload/DisplaySerializerRegistryImpl/" done in 155.5 μs
[16:53:04] [main/TRACE] [REI] [REIPlugin END] Reloading Section: "start-reload/FluidSupportProviderImpl/"
[16:53:04] [main/TRACE] [REI] [REIPlugin END] Reloading Section: "start-reload/FluidSupportProviderImpl/" done in 93.27 μs
[16:53:04] [main/TRACE] [REI] [REIPlugin END] Reloading Section: "start-reload/" done in 1.882 ms
[16:53:04] [main/DEBUG] [REI] ========================================
[16:53:04] [main/DEBUG] [REI] REIPlugin started main-reload for END.
[16:53:04] [main/DEBUG] [REI] ========================================
[16:53:04] [main/TRACE] [REI] [REIPlugin END] Reloading Section: "reloadable-plugin/EntryTypeRegistryImpl/"
[16:53:04] [main/TRACE] [REI] [REIPlugin END] Reloading Section: "reloadable-plugin/EntryTypeRegistryImpl/DefaultPlugin of DefaultPlugin [roughlyenoughitems]/"
[16:53:04] [main/TRACE] [REI] [REIPlugin END] Reloading Section: "reloadable-plugin/EntryTypeRegistryImpl/DefaultPlugin of DefaultPlugin [roughlyenoughitems]/" done in 40.72 μs
[16:53:04] [main/TRACE] [REI] [REIPlugin END] Reloading Section: "reloadable-plugin/EntryTypeRegistryImpl/FabricFluidAPISupportPlugin/"
[16:53:04] [main/TRACE] [REI] [REIPlugin END] Reloading Section: "reloadable-plugin/EntryTypeRegistryImpl/FabricFluidAPISupportPlugin/" done in 37.70 μs
[16:53:04] [main/TRACE] [REI] [REIPlugin END] Reloading Section: "reloadable-plugin/EntryTypeRegistryImpl/ReiCompat of ReiCompat [travelersbackpack]/"
[16:53:04] [main/TRACE] [REI] [REIPlugin END] Reloading Section: "reloadable-plugin/EntryTypeRegistryImpl/ReiCompat of ReiCompat [travelersbackpack]/" done in 37.73 μs
[16:53:04] [main/TRACE] [REI] [REIPlugin END] Reloading Section: "reloadable-plugin/EntryTypeRegistryImpl/DefaultRuntimePlugin of DefaultRuntimePlugin [roughlyenoughitems]/"
[16:53:04] [main/TRACE] [REI] [REIPlugin END] Reloading Section: "reloadable-plugin/EntryTypeRegistryImpl/DefaultRuntimePlugin of DefaultRuntimePlugin [roughlyenoughitems]/" done in 36.05 μs
[16:53:04] [main/TRACE] [REI] [REIPlugin END] Reloading Section: "reloadable-plugin/EntryTypeRegistryImpl/" done in 456.4 μs
[16:53:04] [main/TRACE] [REI] [REIPlugin END] Reloading Section: "reloadable-plugin/EntrySettingsAdapterRegistryImpl/"
[16:53:04] [main/TRACE] [REI] [REIPlugin END] Reloading Section: "reloadable-plugin/EntrySettingsAdapterRegistryImpl/DefaultPlugin of DefaultPlugin [roughlyenoughitems]/"
[16:53:04] [main/TRACE] [REI] [REIPlugin END] Reloading Section: "reloadable-plugin/EntrySettingsAdapterRegistryImpl/DefaultPlugin of DefaultPlugin [roughlyenoughitems]/" done in 35.12 μs
[16:53:04] [main/TRACE] [REI] [REIPlugin END] Reloading Section: "reloadable-plugin/EntrySettingsAdapterRegistryImpl/FabricFluidAPISupportPlugin/"
[16:53:04] [main/TRACE] [REI] [REIPlugin END] Reloading Section: "reloadable-plugin/EntrySettingsAdapterRegistryImpl/FabricFluidAPISupportPlugin/" done in 34.07 μs
[16:53:04] [main/TRACE] [REI] [REIPlugin END] Reloading Section: "reloadable-plugin/EntrySettingsAdapterRegistryImpl/ReiCompat of ReiCompat [travelersbackpack]/"
[16:53:04] [main/TRACE] [REI] [REIPlugin END] Reloading Section: "reloadable-plugin/EntrySettingsAdapterRegistryImpl/ReiCompat of ReiCompat [travelersbackpack]/" done in 285.8 μs
[16:53:04] [main/TRACE] [REI] [REIPlugin END] Reloading Section: "reloadable-plugin/EntrySettingsAdapterRegistryImpl/DefaultRuntimePlugin of DefaultRuntimePlugin [roughlyenoughitems]/"
[16:53:04] [main/TRACE] [REI] [REIPlugin END] Reloading Section: "reloadable-plugin/EntrySettingsAdapterRegistryImpl/DefaultRuntimePlugin of DefaultRuntimePlugin [roughlyenoughitems]/" done in 30.89 μs
[16:53:04] [main/TRACE] [REI] [REIPlugin END] Reloading Section: "reloadable-plugin/EntrySettingsAdapterRegistryImpl/" done in 1.838 ms
[16:53:04] [main/TRACE] [REI] [REIPlugin END] Reloading Section: "reloadable-plugin/RecipeManagerContextImpl/"
[16:53:04] [main/TRACE] [REI] [REIPlugin END] Reloading Section: "reloadable-plugin/RecipeManagerContextImpl/DefaultPlugin of DefaultPlugin [roughlyenoughitems]/"
[16:53:04] [main/TRACE] [REI] [REIPlugin END] Reloading Section: "reloadable-plugin/RecipeManagerContextImpl/DefaultPlugin of DefaultPlugin [roughlyenoughitems]/" done in 30.09 μs
[16:53:04] [main/TRACE] [REI] [REIPlugin END] Reloading Section: "reloadable-plugin/RecipeManagerContextImpl/FabricFluidAPISupportPlugin/"
[16:53:04] [main/TRACE] [REI] [REIPlugin END] Reloading Section: "reloadable-plugin/RecipeManagerContextImpl/FabricFluidAPISupportPlugin/" done in 25.11 μs
[16:53:04] [main/TRACE] [REI] [REIPlugin END] Reloading Section: "reloadable-plugin/RecipeManagerContextImpl/ReiCompat of ReiCompat [travelersbackpack]/"
[16:53:04] [main/TRACE] [REI] [REIPlugin END] Reloading Section: "reloadable-plugin/RecipeManagerContextImpl/ReiCompat of ReiCompat [travelersbackpack]/" done in 24.52 μs
[16:53:04] [main/TRACE] [REI] [REIPlugin END] Reloading Section: "reloadable-plugin/RecipeManagerContextImpl/DefaultRuntimePlugin of DefaultRuntimePlugin [roughlyenoughitems]/"
[16:53:04] [main/TRACE] [REI] [REIPlugin END] Reloading Section: "reloadable-plugin/RecipeManagerContextImpl/DefaultRuntimePlugin of DefaultRuntimePlugin [roughlyenoughitems]/" done in 44.25 μs
[16:53:04] [main/TRACE] [REI] [REIPlugin END] Reloading Section: "reloadable-plugin/RecipeManagerContextImpl/" done in 386.0 μs
[16:53:04] [main/TRACE] [REI] [REIPlugin END] Reloading Section: "reloadable-plugin/ItemComparatorRegistryImpl/"
[16:53:04] [main/TRACE] [REI] [REIPlugin END] Reloading Section: "reloadable-plugin/ItemComparatorRegistryImpl/DefaultPlugin of DefaultPlugin [roughlyenoughitems]/"
[16:53:04] [main/TRACE] [REI] [REIPlugin END] Reloading Section: "reloadable-plugin/ItemComparatorRegistryImpl/DefaultPlugin of DefaultPlugin [roughlyenoughitems]/" done in 25.19 μs
[16:53:04] [main/TRACE] [REI] [REIPlugin END] Reloading Section: "reloadable-plugin/ItemComparatorRegistryImpl/FabricFluidAPISupportPlugin/"
[16:53:04] [main/TRACE] [REI] [REIPlugin END] Reloading Section: "reloadable-plugin/ItemComparatorRegistryImpl/FabricFluidAPISupportPlugin/" done in 25.18 μs
[16:53:04] [main/TRACE] [REI] [REIPlugin END] Reloading Section: "reloadable-plugin/ItemComparatorRegistryImpl/ReiCompat of ReiCompat [travelersbackpack]/"
[16:53:04] [main/TRACE] [REI] [REIPlugin END] Reloading Section: "reloadable-plugin/ItemComparatorRegistryImpl/ReiCompat of ReiCompat [travelersbackpack]/" done in 23.64 μs
[16:53:04] [main/TRACE] [REI] [REIPlugin END] Reloading Section: "reloadable-plugin/ItemComparatorRegistryImpl/DefaultRuntimePlugin of DefaultRuntimePlugin [roughlyenoughitems]/"
[16:53:04] [main/TRACE] [REI] [REIPlugin END] Reloading Section: "reloadable-plugin/ItemComparatorRegistryImpl/DefaultRuntimePlugin of DefaultRuntimePlugin [roughlyenoughitems]/" done in 23.33 μs
[16:53:04] [main/TRACE] [REI] [REIPlugin END] Reloading Section: "reloadable-plugin/ItemComparatorRegistryImpl/" done in 306.4 μs
[16:53:04] [main/TRACE] [REI] [REIPlugin END] Reloading Section: "reloadable-plugin/FluidComparatorRegistryImpl/"
[16:53:04] [main/TRACE] [REI] [REIPlugin END] Reloading Section: "reloadable-plugin/FluidComparatorRegistryImpl/DefaultPlugin of DefaultPlugin [roughlyenoughitems]/"
[16:53:04] [main/TRACE] [REI] [REIPlugin END] Reloading Section: "reloadable-plugin/FluidComparatorRegistryImpl/DefaultPlugin of DefaultPlugin [roughlyenoughitems]/" done in 31.24 μs
[16:53:04] [main/TRACE] [REI] [REIPlugin END] Reloading Section: "reloadable-plugin/FluidComparatorRegistryImpl/FabricFluidAPISupportPlugin/"
[16:53:04] [main/TRACE] [REI] [REIPlugin END] Reloading Section: "reloadable-plugin/FluidComparatorRegistryImpl/FabricFluidAPISupportPlugin/" done in 22.89 μs
[16:53:04] [main/TRACE] [REI] [REIPlugin END] Reloading Section: "reloadable-plugin/FluidComparatorRegistryImpl/ReiCompat of ReiCompat [travelersbackpack]/"
[16:53:04] [main/TRACE] [REI] [REIPlugin END] Reloading Section: "reloadable-plugin/FluidComparatorRegistryImpl/ReiCompat of ReiCompat [travelersbackpack]/" done in 23.85 μs
[16:53:04] [main/TRACE] [REI] [REIPlugin END] Reloading Section: "reloadable-plugin/FluidComparatorRegistryImpl/DefaultRuntimePlugin of DefaultRuntimePlugin [roughlyenoughitems]/"
[16:53:04] [main/TRACE] [REI] [REIPlugin END] Reloading Section: "reloadable-plugin/FluidComparatorRegistryImpl/DefaultRuntimePlugin of DefaultRuntimePlugin [roughlyenoughitems]/" done in 22.98 μs
[16:53:04] [main/TRACE] [REI] [REIPlugin END] Reloading Section: "reloadable-plugin/FluidComparatorRegistryImpl/" done in 290.6 μs
[16:53:04] [main/TRACE] [REI] [REIPlugin END] Reloading Section: "reloadable-plugin/DisplaySerializerRegistryImpl/"
[16:53:04] [main/TRACE] [REI] [REIPlugin END] Reloading Section: "reloadable-plugin/DisplaySerializerRegistryImpl/DefaultPlugin of DefaultPlugin [roughlyenoughitems]/"
[16:53:04] [main/TRACE] [REI] [REIPlugin END] Reloading Section: "reloadable-plugin/DisplaySerializerRegistryImpl/DefaultPlugin of DefaultPlugin [roughlyenoughitems]/" done in 29.96 ms
[16:53:04] [main/TRACE] [REI] [REIPlugin END] Reloading Section: "reloadable-plugin/DisplaySerializerRegistryImpl/FabricFluidAPISupportPlugin/"
[16:53:04] [main/TRACE] [REI] [REIPlugin END] Reloading Section: "reloadable-plugin/DisplaySerializerRegistryImpl/FabricFluidAPISupportPlugin/" done in 171.2 μs
[16:53:04] [main/TRACE] [REI] [REIPlugin END] Reloading Section: "reloadable-plugin/DisplaySerializerRegistryImpl/ReiCompat of ReiCompat [travelersbackpack]/"
[16:53:04] [main/TRACE] [REI] [REIPlugin END] Reloading Section: "reloadable-plugin/DisplaySerializerRegistryImpl/ReiCompat of ReiCompat [travelersbackpack]/" done in 166.6 μs
[16:53:04] [main/TRACE] [REI] [REIPlugin END] Reloading Section: "reloadable-plugin/DisplaySerializerRegistryImpl/DefaultRuntimePlugin of DefaultRuntimePlugin [roughlyenoughitems]/"
[16:53:04] [main/TRACE] [REI] [REIPlugin END] Reloading Section: "reloadable-plugin/DisplaySerializerRegistryImpl/DefaultRuntimePlugin of DefaultRuntimePlugin [roughlyenoughitems]/" done in 103.9 μs
[16:53:04] [main/TRACE] [REI] [REIPlugin END] Reloading Section: "reloadable-plugin/DisplaySerializerRegistryImpl/" done in 31.42 ms
[16:53:04] [main/TRACE] [REI] [REIPlugin END] Reloading Section: "reloadable-plugin/FluidSupportProviderImpl/"
[16:53:04] [main/TRACE] [REI] [REIPlugin END] Reloading Section: "reloadable-plugin/FluidSupportProviderImpl/DefaultPlugin of DefaultPlugin [roughlyenoughitems]/"
[16:53:04] [main/TRACE] [REI] [REIPlugin END] Reloading Section: "reloadable-plugin/FluidSupportProviderImpl/DefaultPlugin of DefaultPlugin [roughlyenoughitems]/" done in 197.1 μs
[16:53:04] [main/TRACE] [REI] [REIPlugin END] Reloading Section: "reloadable-plugin/FluidSupportProviderImpl/FabricFluidAPISupportPlugin/"
[16:53:04] [main/TRACE] [REI] [REIPlugin END] Reloading Section: "reloadable-plugin/FluidSupportProviderImpl/FabricFluidAPISupportPlugin/" done in 107.6 μs
[16:53:04] [main/TRACE] [REI] [REIPlugin END] Reloading Section: "reloadable-plugin/FluidSupportProviderImpl/ReiCompat of ReiCompat [travelersbackpack]/"
[16:53:04] [main/TRACE] [REI] [REIPlugin END] Reloading Section: "reloadable-plugin/FluidSupportProviderImpl/ReiCompat of ReiCompat [travelersbackpack]/" done in 179.7 μs
[16:53:04] [main/TRACE] [REI] [REIPlugin END] Reloading Section: "reloadable-plugin/FluidSupportProviderImpl/DefaultRuntimePlugin of DefaultRuntimePlugin [roughlyenoughitems]/"
[16:53:04] [main/TRACE] [REI] [REIPlugin END] Reloading Section: "reloadable-plugin/FluidSupportProviderImpl/DefaultRuntimePlugin of DefaultRuntimePlugin [roughlyenoughitems]/" done in 170.7 μs
[16:53:04] [main/TRACE] [REI] [REIPlugin END] Reloading Section: "reloadable-plugin/FluidSupportProviderImpl/" done in 1.624 ms
[16:53:04] [main/DEBUG] [REI] ========================================
[16:53:04] [main/DEBUG] [REI] REIPlugin ending main-reload for END.
[16:53:04] [main/DEBUG] [REI] ========================================
[16:53:04] [main/TRACE] [REI] [REIPlugin END] Reloading Section: "end-reload/"
[16:53:04] [main/TRACE] [REI] [REIPlugin END] Reloading Section: "end-reload/EntryTypeRegistryImpl/"
[16:53:04] [main/TRACE] [REI] [REIPlugin END] Reloading Section: "end-reload/EntryTypeRegistryImpl/" done in 1.006 ms
[16:53:04] [main/TRACE] [REI] [REIPlugin END] Reloading Section: "end-reload/EntrySettingsAdapterRegistryImpl/"
[16:53:04] [main/TRACE] [REI] [REIPlugin END] Reloading Section: "end-reload/EntrySettingsAdapterRegistryImpl/" done in 88.75 μs
[16:53:04] [main/TRACE] [REI] [REIPlugin END] Reloading Section: "end-reload/RecipeManagerContextImpl/"
[16:53:04] [main/TRACE] [REI] [REIPlugin END] Reloading Section: "end-reload/RecipeManagerContextImpl/" done in 88.06 μs
[16:53:04] [main/TRACE] [REI] [REIPlugin END] Reloading Section: "end-reload/ItemComparatorRegistryImpl/"
[16:53:04] [main/TRACE] [REI] [REIPlugin END] Reloading Section: "end-reload/ItemComparatorRegistryImpl/" done in 90.87 μs
[16:53:04] [main/TRACE] [REI] [REIPlugin END] Reloading Section: "end-reload/FluidComparatorRegistryImpl/"
[16:53:04] [main/TRACE] [REI] [REIPlugin END] Reloading Section: "end-reload/FluidComparatorRegistryImpl/" done in 87.50 μs
[16:53:04] [main/TRACE] [REI] [REIPlugin END] Reloading Section: "end-reload/DisplaySerializerRegistryImpl/"
[16:53:04] [main/TRACE] [REI] [REIPlugin END] Reloading Section: "end-reload/DisplaySerializerRegistryImpl/" done in 693.9 μs
[16:53:04] [main/TRACE] [REI] [REIPlugin END] Reloading Section: "end-reload/FluidSupportProviderImpl/"
[16:53:04] [main/TRACE] [REI] [REIPlugin END] Reloading Section: "end-reload/FluidSupportProviderImpl/" done in 166.1 μs
[16:53:04] [main/TRACE] [REI] [REIPlugin END] Reloading Section: "end-reload/" done in 3.786 ms
[16:53:04] [main/DEBUG] [REI] ========================================
[16:53:04] [main/DEBUG] [REI] REIPlugin ended main-reload for END in 53.64 ms.
[16:53:04] [main/DEBUG] [REI] ========================================
[16:53:04] [main/INFO] [REI] ========================================
[16:53:04] [main/INFO] [REI] REIServerPlugin starting main-reload for END.
[16:53:04] [main/DEBUG] [REI] Reloadables (2):
[16:53:04] [main/DEBUG] [REI]  - MenuInfoRegistryImpl
[16:53:04] [main/DEBUG] [REI]  - SlotAccessorRegistryImpl
[16:53:04] [main/INFO] [REI] Plugins (4):
[16:53:04] [main/INFO] [REI]  - (-100.00) DefaultPlugin of DefaultPlugin [roughlyenoughitems]
[16:53:04] [main/INFO] [REI]  - (0.00) FabricFluidAPISupportPlugin
[16:53:04] [main/INFO] [REI]  - (0.00) ReiCompat of ReiCompat [travelersbackpack]
[16:53:04] [main/INFO] [REI]  - (0.00) DefaultRuntimePlugin of DefaultRuntimePlugin [roughlyenoughitems]
[16:53:04] [main/INFO] [REI] ========================================
[16:53:04] [main/TRACE] [REI] [REIServerPlugin END] Reloading Section: "start-reload/"
[16:53:04] [main/TRACE] [REI] [REIServerPlugin END] Reloading Section: "start-reload/MenuInfoRegistryImpl/"
[16:53:04] [main/TRACE] [REI] [REIServerPlugin END] Reloading Section: "start-reload/MenuInfoRegistryImpl/" done in 105.9 μs
[16:53:04] [main/TRACE] [REI] [REIServerPlugin END] Reloading Section: "start-reload/SlotAccessorRegistryImpl/"
[16:53:04] [main/TRACE] [REI] [REIServerPlugin END] Reloading Section: "start-reload/SlotAccessorRegistryImpl/" done in 123.5 μs
[16:53:04] [main/TRACE] [REI] [REIServerPlugin END] Reloading Section: "start-reload/" done in 647.2 μs
[16:53:04] [main/DEBUG] [REI] ========================================
[16:53:04] [main/DEBUG] [REI] REIServerPlugin started main-reload for END.
[16:53:04] [main/DEBUG] [REI] ========================================
[16:53:04] [main/TRACE] [REI] [REIServerPlugin END] Reloading Section: "reloadable-plugin/MenuInfoRegistryImpl/"
[16:53:04] [main/TRACE] [REI] [REIServerPlugin END] Reloading Section: "reloadable-plugin/MenuInfoRegistryImpl/DefaultPlugin of DefaultPlugin [roughlyenoughitems]/"
[16:53:04] [main/TRACE] [REI] [REIServerPlugin END] Reloading Section: "reloadable-plugin/MenuInfoRegistryImpl/DefaultPlugin of DefaultPlugin [roughlyenoughitems]/" done in 110.3 μs
[16:53:04] [main/TRACE] [REI] [REIServerPlugin END] Reloading Section: "reloadable-plugin/MenuInfoRegistryImpl/FabricFluidAPISupportPlugin/"
[16:53:04] [main/TRACE] [REI] [REIServerPlugin END] Reloading Section: "reloadable-plugin/MenuInfoRegistryImpl/FabricFluidAPISupportPlugin/" done in 102.4 μs
[16:53:04] [main/TRACE] [REI] [REIServerPlugin END] Reloading Section: "reloadable-plugin/MenuInfoRegistryImpl/ReiCompat of ReiCompat [travelersbackpack]/"
[16:53:04] [main/DEBUG] [REI] Added menu info for class com.tiviacz.travelersbackpack.inventory.screen.TravelersBackpackBaseScreenHandler [minecraft:plugins/crafting]: me.shedaniel.rei.api.common.transfer.info.simple.SimpleMenuInfoProvider$$Lambda/0x00007d9c38fb1790@71f6166f
[16:53:04] [main/TRACE] [REI] [REIServerPlugin END] Reloading Section: "reloadable-plugin/MenuInfoRegistryImpl/ReiCompat of ReiCompat [travelersbackpack]/" done in 8.185 ms
[16:53:04] [main/TRACE] [REI] [REIServerPlugin END] Reloading Section: "reloadable-plugin/MenuInfoRegistryImpl/DefaultRuntimePlugin of DefaultRuntimePlugin [roughlyenoughitems]/"
[16:53:04] [main/TRACE] [REI] [REIServerPlugin END] Reloading Section: "reloadable-plugin/MenuInfoRegistryImpl/DefaultRuntimePlugin of DefaultRuntimePlugin [roughlyenoughitems]/" done in 137.9 μs
[16:53:04] [main/TRACE] [REI] [REIServerPlugin END] Reloading Section: "reloadable-plugin/MenuInfoRegistryImpl/" done in 9.382 ms
[16:53:04] [main/TRACE] [REI] [REIServerPlugin END] Reloading Section: "reloadable-plugin/SlotAccessorRegistryImpl/"
[16:53:04] [main/TRACE] [REI] [REIServerPlugin END] Reloading Section: "reloadable-plugin/SlotAccessorRegistryImpl/DefaultPlugin of DefaultPlugin [roughlyenoughitems]/"
[16:53:04] [main/TRACE] [REI] [REIServerPlugin END] Reloading Section: "reloadable-plugin/SlotAccessorRegistryImpl/DefaultPlugin of DefaultPlugin [roughlyenoughitems]/" done in 143.7 μs
[16:53:04] [main/TRACE] [REI] [REIServerPlugin END] Reloading Section: "reloadable-plugin/SlotAccessorRegistryImpl/FabricFluidAPISupportPlugin/"
[16:53:04] [main/TRACE] [REI] [REIServerPlugin END] Reloading Section: "reloadable-plugin/SlotAccessorRegistryImpl/FabricFluidAPISupportPlugin/" done in 665.3 μs
[16:53:04] [main/TRACE] [REI] [REIServerPlugin END] Reloading Section: "reloadable-plugin/SlotAccessorRegistryImpl/ReiCompat of ReiCompat [travelersbackpack]/"
[16:53:04] [main/TRACE] [REI] [REIServerPlugin END] Reloading Section: "reloadable-plugin/SlotAccessorRegistryImpl/ReiCompat of ReiCompat [travelersbackpack]/" done in 99.76 μs
[16:53:04] [main/TRACE] [REI] [REIServerPlugin END] Reloading Section: "reloadable-plugin/SlotAccessorRegistryImpl/DefaultRuntimePlugin of DefaultRuntimePlugin [roughlyenoughitems]/"
[16:53:04] [main/DEBUG] [REI] Added slot accessor serializer: me.shedaniel.rei.plugin.common.runtime.DefaultRuntimePlugin$1@79860667 [roughlyenoughitems:vanilla]
[16:53:04] [main/DEBUG] [REI] Added slot accessor serializer: me.shedaniel.rei.plugin.common.runtime.DefaultRuntimePlugin$2@749a687f [roughlyenoughitems:player]
[16:53:04] [main/TRACE] [REI] [REIServerPlugin END] Reloading Section: "reloadable-plugin/SlotAccessorRegistryImpl/DefaultRuntimePlugin of DefaultRuntimePlugin [roughlyenoughitems]/" done in 1.760 ms
[16:53:04] [main/TRACE] [REI] [REIServerPlugin END] Reloading Section: "reloadable-plugin/SlotAccessorRegistryImpl/" done in 3.372 ms
[16:53:04] [main/DEBUG] [REI] ========================================
[16:53:04] [main/DEBUG] [REI] REIServerPlugin ending main-reload for END.
[16:53:04] [main/DEBUG] [REI] ========================================
[16:53:04] [main/TRACE] [REI] [REIServerPlugin END] Reloading Section: "end-reload/"
[16:53:04] [main/TRACE] [REI] [REIServerPlugin END] Reloading Section: "end-reload/MenuInfoRegistryImpl/"
[16:53:04] [main/DEBUG] [REI] Registered 1 menu infos
[16:53:04] [main/TRACE] [REI] [REIServerPlugin END] Reloading Section: "end-reload/MenuInfoRegistryImpl/" done in 411.6 μs
[16:53:04] [main/TRACE] [REI] [REIServerPlugin END] Reloading Section: "end-reload/SlotAccessorRegistryImpl/"
[16:53:04] [main/DEBUG] [REI] Registered 2 slot accessor serializers
[16:53:04] [main/TRACE] [REI] [REIServerPlugin END] Reloading Section: "end-reload/SlotAccessorRegistryImpl/" done in 117.5 μs
[16:53:04] [main/TRACE] [REI] [REIServerPlugin END] Reloading Section: "end-reload/" done in 777.5 μs
[16:53:04] [main/DEBUG] [REI] ========================================
[16:53:04] [main/DEBUG] [REI] REIServerPlugin ended main-reload for END in 18.96 ms.
[16:53:04] [main/DEBUG] [REI] ========================================
[16:53:04] [main/DEBUG] [REI] ========================================
[16:53:04] [main/DEBUG] [REI] REIPlugin starting post-reload for END.
[16:53:04] [main/DEBUG] [REI] Reloadables (7):
[16:53:04] [main/DEBUG] [REI]  - EntryTypeRegistryImpl
[16:53:04] [main/DEBUG] [REI]  - EntrySettingsAdapterRegistryImpl
[16:53:04] [main/DEBUG] [REI]  - RecipeManagerContextImpl
[16:53:04] [main/DEBUG] [REI]  - ItemComparatorRegistryImpl
[16:53:04] [main/DEBUG] [REI]  - FluidComparatorRegistryImpl
[16:53:04] [main/DEBUG] [REI]  - DisplaySerializerRegistryImpl
[16:53:04] [main/DEBUG] [REI]  - FluidSupportProviderImpl
[16:53:04] [main/DEBUG] [REI] Plugins (4):
[16:53:04] [main/DEBUG] [REI]  - (-100.00) DefaultPlugin of DefaultPlugin [roughlyenoughitems]
[16:53:04] [main/DEBUG] [REI]  - (0.00) FabricFluidAPISupportPlugin
[16:53:04] [main/DEBUG] [REI]  - (0.00) ReiCompat of ReiCompat [travelersbackpack]
[16:53:04] [main/DEBUG] [REI]  - (0.00) DefaultRuntimePlugin of DefaultRuntimePlugin [roughlyenoughitems]
[16:53:04] [main/DEBUG] [REI] ========================================
[16:53:04] [main/TRACE] [REI] [REIPlugin END] Reloading Section: "post-register/"
[16:53:04] [main/TRACE] [REI] [REIPlugin END] Reloading Section: "post-register/DefaultPlugin of DefaultPlugin [roughlyenoughitems]/"
[16:53:04] [main/TRACE] [REI] [REIPlugin END] Reloading Section: "post-register/DefaultPlugin of DefaultPlugin [roughlyenoughitems]/" done in 38.79 μs
[16:53:04] [main/TRACE] [REI] [REIPlugin END] Reloading Section: "post-register/FabricFluidAPISupportPlugin/"
[16:53:04] [main/TRACE] [REI] [REIPlugin END] Reloading Section: "post-register/FabricFluidAPISupportPlugin/" done in 41.38 μs
[16:53:04] [main/TRACE] [REI] [REIPlugin END] Reloading Section: "post-register/ReiCompat of ReiCompat [travelersbackpack]/"
[16:53:04] [main/TRACE] [REI] [REIPlugin END] Reloading Section: "post-register/ReiCompat of ReiCompat [travelersbackpack]/" done in 42.56 μs
[16:53:04] [main/TRACE] [REI] [REIPlugin END] Reloading Section: "post-register/DefaultRuntimePlugin of DefaultRuntimePlugin [roughlyenoughitems]/"
[16:53:04] [main/TRACE] [REI] [REIPlugin END] Reloading Section: "post-register/DefaultRuntimePlugin of DefaultRuntimePlugin [roughlyenoughitems]/" done in 42.49 μs
[16:53:04] [main/TRACE] [REI] [REIPlugin END] Reloading Section: "post-register/" done in 526.2 μs
[16:53:04] [main/TRACE] [REI] [REIPlugin END] Reloading Section: "post-stage/"
[16:53:04] [main/TRACE] [REI] [REIPlugin END] Reloading Section: "post-stage/EntryTypeRegistryImpl/"
[16:53:04] [main/TRACE] [REI] [REIPlugin END] Reloading Section: "post-stage/EntryTypeRegistryImpl/" done in 45.24 μs
[16:53:04] [main/TRACE] [REI] [REIPlugin END] Reloading Section: "post-stage/EntrySettingsAdapterRegistryImpl/"
[16:53:04] [main/TRACE] [REI] [REIPlugin END] Reloading Section: "post-stage/EntrySettingsAdapterRegistryImpl/" done in 37.76 μs
[16:53:04] [main/TRACE] [REI] [REIPlugin END] Reloading Section: "post-stage/RecipeManagerContextImpl/"
[16:53:04] [main/TRACE] [REI] [REIPlugin END] Reloading Section: "post-stage/RecipeManagerContextImpl/" done in 39.94 μs
[16:53:04] [main/TRACE] [REI] [REIPlugin END] Reloading Section: "post-stage/ItemComparatorRegistryImpl/"
[16:53:04] [main/TRACE] [REI] [REIPlugin END] Reloading Section: "post-stage/ItemComparatorRegistryImpl/" done in 40.49 μs
[16:53:04] [main/TRACE] [REI] [REIPlugin END] Reloading Section: "post-stage/FluidComparatorRegistryImpl/"
[16:53:04] [main/TRACE] [REI] [REIPlugin END] Reloading Section: "post-stage/FluidComparatorRegistryImpl/" done in 37.36 μs
[16:53:04] [main/TRACE] [REI] [REIPlugin END] Reloading Section: "post-stage/DisplaySerializerRegistryImpl/"
[16:53:04] [main/TRACE] [REI] [REIPlugin END] Reloading Section: "post-stage/DisplaySerializerRegistryImpl/" done in 39.28 μs
[16:53:04] [main/TRACE] [REI] [REIPlugin END] Reloading Section: "post-stage/FluidSupportProviderImpl/"
[16:53:04] [main/TRACE] [REI] [REIPlugin END] Reloading Section: "post-stage/FluidSupportProviderImpl/" done in 48.61 μs
[16:53:04] [main/TRACE] [REI] [REIPlugin END] Reloading Section: "post-stage/" done in 1.536 ms
[16:53:04] [main/DEBUG] [REI] ========================================
[16:53:04] [main/INFO] [REI] REIPlugin finished post-reload for END in 2.218 ms, totaling 61.11 ms.
[16:53:04] [main/DEBUG] [REI] ========================================
[16:53:04] [main/DEBUG] [REI] ========================================
[16:53:04] [main/DEBUG] [REI] REIServerPlugin starting post-reload for END.
[16:53:04] [main/DEBUG] [REI] Reloadables (2):
[16:53:04] [main/DEBUG] [REI]  - MenuInfoRegistryImpl
[16:53:04] [main/DEBUG] [REI]  - SlotAccessorRegistryImpl
[16:53:04] [main/DEBUG] [REI] Plugins (4):
[16:53:04] [main/DEBUG] [REI]  - (-100.00) DefaultPlugin of DefaultPlugin [roughlyenoughitems]
[16:53:04] [main/DEBUG] [REI]  - (0.00) FabricFluidAPISupportPlugin
[16:53:04] [main/DEBUG] [REI]  - (0.00) ReiCompat of ReiCompat [travelersbackpack]
[16:53:04] [main/DEBUG] [REI]  - (0.00) DefaultRuntimePlugin of DefaultRuntimePlugin [roughlyenoughitems]
[16:53:04] [main/DEBUG] [REI] ========================================
[16:53:04] [main/TRACE] [REI] [REIServerPlugin END] Reloading Section: "post-register/"
[16:53:04] [main/TRACE] [REI] [REIServerPlugin END] Reloading Section: "post-register/DefaultPlugin of DefaultPlugin [roughlyenoughitems]/"
[16:53:04] [main/TRACE] [REI] [REIServerPlugin END] Reloading Section: "post-register/DefaultPlugin of DefaultPlugin [roughlyenoughitems]/" done in 37.88 μs
[16:53:04] [main/TRACE] [REI] [REIServerPlugin END] Reloading Section: "post-register/FabricFluidAPISupportPlugin/"
[16:53:04] [main/TRACE] [REI] [REIServerPlugin END] Reloading Section: "post-register/FabricFluidAPISupportPlugin/" done in 40.19 μs
[16:53:04] [main/TRACE] [REI] [REIServerPlugin END] Reloading Section: "post-register/ReiCompat of ReiCompat [travelersbackpack]/"
[16:53:04] [main/TRACE] [REI] [REIServerPlugin END] Reloading Section: "post-register/ReiCompat of ReiCompat [travelersbackpack]/" done in 40.43 μs
[16:53:04] [main/TRACE] [REI] [REIServerPlugin END] Reloading Section: "post-register/DefaultRuntimePlugin of DefaultRuntimePlugin [roughlyenoughitems]/"
[16:53:04] [main/TRACE] [REI] [REIServerPlugin END] Reloading Section: "post-register/DefaultRuntimePlugin of DefaultRuntimePlugin [roughlyenoughitems]/" done in 41.82 μs
[16:53:04] [main/TRACE] [REI] [REIServerPlugin END] Reloading Section: "post-register/" done in 898.6 μs
[16:53:04] [main/TRACE] [REI] [REIServerPlugin END] Reloading Section: "post-stage/"
[16:53:04] [main/TRACE] [REI] [REIServerPlugin END] Reloading Section: "post-stage/MenuInfoRegistryImpl/"
[16:53:04] [main/TRACE] [REI] [REIServerPlugin END] Reloading Section: "post-stage/MenuInfoRegistryImpl/" done in 34.59 μs
[16:53:04] [main/TRACE] [REI] [REIServerPlugin END] Reloading Section: "post-stage/SlotAccessorRegistryImpl/"
[16:53:04] [main/TRACE] [REI] [REIServerPlugin END] Reloading Section: "post-stage/SlotAccessorRegistryImpl/" done in 39.50 μs
[16:53:04] [main/TRACE] [REI] [REIServerPlugin END] Reloading Section: "post-stage/" done in 213.2 μs
[16:53:04] [main/DEBUG] [REI] ========================================
[16:53:04] [main/INFO] [REI] REIServerPlugin finished post-reload for END in 1.207 ms, totaling 24.76 ms.
[16:53:04] [main/DEBUG] [REI] ========================================
